{
  "timestamp": "2025-11-20T06:54:35.842546",
  "summary": {
    "total": 20,
    "passed": 5,
    "failed": 15,
    "skipped": 0
  },
  "results": [
    {
      "suite": "L0: Structural - Imports",
      "path": "tests/l0_structural/test_imports.py",
      "returncode": 0,
      "summary": "17 passed in 1.09s",
      "stdout": ".................                                                        [100%]\n17 passed in 1.09s\n",
      "stderr": ""
    },
    {
      "suite": "L0: Structural - Signals",
      "path": "tests/l0_structural/test_signals.py",
      "returncode": 0,
      "summary": "12 passed in 4.44s",
      "stdout": "............                                                             [100%]\n12 passed in 4.44s\n",
      "stderr": ""
    },
    {
      "suite": "L0: Structural - Class Attributes",
      "path": "tests/l0_structural/test_class_attributes.py",
      "returncode": 0,
      "summary": "10 passed in 2.58s",
      "stdout": "..........                                                               [100%]\n10 passed in 2.58s\n",
      "stderr": ""
    },
    {
      "suite": "L1: Unit Tests",
      "path": "tests/unit/",
      "returncode": 0,
      "summary": "57 passed in 1.32s",
      "stdout": ".........................................................                [100%]\n57 passed in 1.32s\n",
      "stderr": ""
    },
    {
      "suite": "L2: Suite 1 - Design Tools Core",
      "path": "tests/comprehensive/test_suite_1_design_tools_core.py",
      "returncode": 1,
      "summary": "No summary",
      "stdout": ".....F..+++++++++++++++++++++++++++++++++++ Timeout +++++++++++++++++++++++++++++++++++\n~~~~~~~~~~~~~~~~~~~~~~~~~ Stack of MainThread (9868) ~~~~~~~~~~~~~~~~~~~~~~~~~~\n  File \"<frozen runpy>\", line 198, in _run_module_as_main\n  File \"<frozen runpy>\", line 88, in _run_code\n  File \"C:\\Users\\asith\\AppData\\Local\\Programs\\Python\\Python312\\Lib\\site-packages\\pytest\\__main__.py\", line 9, in <module>\n    raise SystemExit(pytest.console_main())\n  File \"C:\\Users\\asith\\AppData\\Local\\Programs\\Python\\Python312\\Lib\\site-packages\\_pytest\\config\\__init__.py\", line 201, in console_main\n    code = main()\n  File \"C:\\Users\\asith\\AppData\\Local\\Programs\\Python\\Python312\\Lib\\site-packages\\_pytest\\config\\__init__.py\", line 175, in main\n    ret: ExitCode | int = config.hook.pytest_cmdline_main(config=config)\n  File \"C:\\Users\\asith\\AppData\\Local\\Programs\\Python\\Python312\\Lib\\site-packages\\pluggy\\_hooks.py\", line 512, in __call__\n    return self._hookexec(self.name, self._hookimpls.copy(), kwargs, firstresult)\n  File \"C:\\Users\\asith\\AppData\\Local\\Programs\\Python\\Python312\\Lib\\site-packages\\pluggy\\_manager.py\", line 120, in _hookexec\n    return self._inner_hookexec(hook_name, methods, kwargs, firstresult)\n  File \"C:\\Users\\asith\\AppData\\Local\\Programs\\Python\\Python312\\Lib\\site-packages\\pluggy\\_callers.py\", line 121, in _multicall\n    res = hook_impl.function(*args)\n  File \"C:\\Users\\asith\\AppData\\Local\\Programs\\Python\\Python312\\Lib\\site-packages\\_pytest\\main.py\", line 336, in pytest_cmdline_main\n    return wrap_session(config, _main)\n  File \"C:\\Users\\asith\\AppData\\Local\\Programs\\Python\\Python312\\Lib\\site-packages\\_pytest\\main.py\", line 289, in wrap_session\n    session.exitstatus = doit(config, session) or 0\n  File \"C:\\Users\\asith\\AppData\\Local\\Programs\\Python\\Python312\\Lib\\site-packages\\_pytest\\main.py\", line 343, in _main\n    config.hook.pytest_runtestloop(session=session)\n  File \"C:\\Users\\asith\\AppData\\Local\\Programs\\Python\\Python312\\Lib\\site-packages\\pluggy\\_hooks.py\", line 512, in __call__\n    return self._hookexec(self.name, self._hookimpls.copy(), kwargs, firstresult)\n  File \"C:\\Users\\asith\\AppData\\Local\\Programs\\Python\\Python312\\Lib\\site-packages\\pluggy\\_manager.py\", line 120, in _hookexec\n    return self._inner_hookexec(hook_name, methods, kwargs, firstresult)\n  File \"C:\\Users\\asith\\AppData\\Local\\Programs\\Python\\Python312\\Lib\\site-packages\\pluggy\\_callers.py\", line 121, in _multicall\n    res = hook_impl.function(*args)\n  File \"C:\\Users\\asith\\AppData\\Local\\Programs\\Python\\Python312\\Lib\\site-packages\\_pytest\\main.py\", line 367, in pytest_runtestloop\n    item.config.hook.pytest_runtest_protocol(item=item, nextitem=nextitem)\n  File \"C:\\Users\\asith\\AppData\\Local\\Programs\\Python\\Python312\\Lib\\site-packages\\pluggy\\_hooks.py\", line 512, in __call__\n    return self._hookexec(self.name, self._hookimpls.copy(), kwargs, firstresult)\n  File \"C:\\Users\\asith\\AppData\\Local\\Programs\\Python\\Python312\\Lib\\site-packages\\pluggy\\_manager.py\", line 120, in _hookexec\n    return self._inner_hookexec(hook_name, methods, kwargs, firstresult)\n  File \"C:\\Users\\asith\\AppData\\Local\\Programs\\Python\\Python312\\Lib\\site-packages\\pluggy\\_callers.py\", line 121, in _multicall\n    res = hook_impl.function(*args)\n  File \"C:\\Users\\asith\\AppData\\Local\\Programs\\Python\\Python312\\Lib\\site-packages\\_pytest\\runner.py\", line 117, in pytest_runtest_protocol\n    runtestprotocol(item, nextitem=nextitem)\n  File \"C:\\Users\\asith\\AppData\\Local\\Programs\\Python\\Python312\\Lib\\site-packages\\_pytest\\runner.py\", line 136, in runtestprotocol\n    reports.append(call_and_report(item, \"call\", log))\n  File \"C:\\Users\\asith\\AppData\\Local\\Programs\\Python\\Python312\\Lib\\site-packages\\_pytest\\runner.py\", line 245, in call_and_report\n    call = CallInfo.from_call(\n  File \"C:\\Users\\asith\\AppData\\Local\\Programs\\Python\\Python312\\Lib\\site-packages\\_pytest\\runner.py\", line 344, in from_call\n    result: TResult | None = func()\n  File \"C:\\Users\\asith\\AppData\\Local\\Programs\\Python\\Python312\\Lib\\site-packages\\_pytest\\runner.py\", line 246, in <lambda>\n    lambda: runtest_hook(item=item, **kwds), when=when, reraise=reraise\n  File \"C:\\Users\\asith\\AppData\\Local\\Programs\\Python\\Python312\\Lib\\site-packages\\pluggy\\_hooks.py\", line 512, in __call__\n    return self._hookexec(self.name, self._hookimpls.copy(), kwargs, firstresult)\n  File \"C:\\Users\\asith\\AppData\\Local\\Programs\\Python\\Python312\\Lib\\site-packages\\pluggy\\_manager.py\", line 120, in _hookexec\n    return self._inner_hookexec(hook_name, methods, kwargs, firstresult)\n  File \"C:\\Users\\asith\\AppData\\Local\\Programs\\Python\\Python312\\Lib\\site-packages\\pluggy\\_callers.py\", line 121, in _multicall\n    res = hook_impl.function(*args)\n  File \"C:\\Users\\asith\\AppData\\Local\\Programs\\Python\\Python312\\Lib\\site-packages\\_pytest\\runner.py\", line 178, in pytest_runtest_call\n    item.runtest()\n  File \"C:\\Users\\asith\\AppData\\Local\\Programs\\Python\\Python312\\Lib\\site-packages\\_pytest\\python.py\", line 1671, in runtest\n    self.ihook.pytest_pyfunc_call(pyfuncitem=self)\n  File \"C:\\Users\\asith\\AppData\\Local\\Programs\\Python\\Python312\\Lib\\site-packages\\pluggy\\_hooks.py\", line 512, in __call__\n    return self._hookexec(self.name, self._hookimpls.copy(), kwargs, firstresult)\n  File \"C:\\Users\\asith\\AppData\\Local\\Programs\\Python\\Python312\\Lib\\site-packages\\pluggy\\_manager.py\", line 120, in _hookexec\n    return self._inner_hookexec(hook_name, methods, kwargs, firstresult)\n  File \"C:\\Users\\asith\\AppData\\Local\\Programs\\Python\\Python312\\Lib\\site-packages\\pluggy\\_callers.py\", line 121, in _multicall\n    res = hook_impl.function(*args)\n  File \"C:\\Users\\asith\\AppData\\Local\\Programs\\Python\\Python312\\Lib\\site-packages\\_pytest\\python.py\", line 157, in pytest_pyfunc_call\n    result = testfunction(**testargs)\n  File \"C:\\Users\\asith\\Documents\\upload_bridge\\tests\\comprehensive\\test_suite_1_design_tools_core.py\", line 235, in test_paint_single_pixel\n    design_tab.load_pattern(sample_pattern)\n  File \"C:\\Users\\asith\\Documents\\upload_bridge\\ui\\tabs\\design_tools_tab.py\", line 5428, in load_pattern\n    self.frame_manager.set_pattern(pattern_copy)\n  File \"C:\\Users\\asith\\Documents\\upload_bridge\\domain\\frames.py\", line 32, in set_pattern\n    self.frame_index_changed.emit(self._current_index)\n  File \"C:\\Users\\asith\\Documents\\upload_bridge\\ui\\tabs\\design_tools_tab.py\", line 7057, in _on_manager_frame_selected\n    self._load_current_frame_into_canvas()\n  File \"C:\\Users\\asith\\Documents\\upload_bridge\\ui\\tabs\\design_tools_tab.py\", line 6903, in _load_current_frame_into_canvas\n    self._update_status_labels()\n  File \"C:\\Users\\asith\\Documents\\upload_bridge\\ui\\tabs\\design_tools_tab.py\", line 4115, in _update_status_labels\n    QMessageBox.warning(\n+++++++++++++++++++++++++++++++++++ Timeout +++++++++++++++++++++++++++++++++++\n",
      "stderr": ""
    },
    {
      "suite": "L2: Suite 2 - Feature Overview",
      "path": "tests/comprehensive/test_suite_2_feature_overview.py",
      "returncode": 1,
      "summary": "No summary",
      "stdout": "+++++++++++++++++++++++++++++++++++ Timeout +++++++++++++++++++++++++++++++++++\n~~~~~~~~~~~~~~~~~~~~~~~~~ Stack of MainThread (16452) ~~~~~~~~~~~~~~~~~~~~~~~~~\n  File \"<frozen runpy>\", line 198, in _run_module_as_main\n  File \"<frozen runpy>\", line 88, in _run_code\n  File \"C:\\Users\\asith\\AppData\\Local\\Programs\\Python\\Python312\\Lib\\site-packages\\pytest\\__main__.py\", line 9, in <module>\n    raise SystemExit(pytest.console_main())\n  File \"C:\\Users\\asith\\AppData\\Local\\Programs\\Python\\Python312\\Lib\\site-packages\\_pytest\\config\\__init__.py\", line 201, in console_main\n    code = main()\n  File \"C:\\Users\\asith\\AppData\\Local\\Programs\\Python\\Python312\\Lib\\site-packages\\_pytest\\config\\__init__.py\", line 175, in main\n    ret: ExitCode | int = config.hook.pytest_cmdline_main(config=config)\n  File \"C:\\Users\\asith\\AppData\\Local\\Programs\\Python\\Python312\\Lib\\site-packages\\pluggy\\_hooks.py\", line 512, in __call__\n    return self._hookexec(self.name, self._hookimpls.copy(), kwargs, firstresult)\n  File \"C:\\Users\\asith\\AppData\\Local\\Programs\\Python\\Python312\\Lib\\site-packages\\pluggy\\_manager.py\", line 120, in _hookexec\n    return self._inner_hookexec(hook_name, methods, kwargs, firstresult)\n  File \"C:\\Users\\asith\\AppData\\Local\\Programs\\Python\\Python312\\Lib\\site-packages\\pluggy\\_callers.py\", line 121, in _multicall\n    res = hook_impl.function(*args)\n  File \"C:\\Users\\asith\\AppData\\Local\\Programs\\Python\\Python312\\Lib\\site-packages\\_pytest\\main.py\", line 336, in pytest_cmdline_main\n    return wrap_session(config, _main)\n  File \"C:\\Users\\asith\\AppData\\Local\\Programs\\Python\\Python312\\Lib\\site-packages\\_pytest\\main.py\", line 289, in wrap_session\n    session.exitstatus = doit(config, session) or 0\n  File \"C:\\Users\\asith\\AppData\\Local\\Programs\\Python\\Python312\\Lib\\site-packages\\_pytest\\main.py\", line 343, in _main\n    config.hook.pytest_runtestloop(session=session)\n  File \"C:\\Users\\asith\\AppData\\Local\\Programs\\Python\\Python312\\Lib\\site-packages\\pluggy\\_hooks.py\", line 512, in __call__\n    return self._hookexec(self.name, self._hookimpls.copy(), kwargs, firstresult)\n  File \"C:\\Users\\asith\\AppData\\Local\\Programs\\Python\\Python312\\Lib\\site-packages\\pluggy\\_manager.py\", line 120, in _hookexec\n    return self._inner_hookexec(hook_name, methods, kwargs, firstresult)\n  File \"C:\\Users\\asith\\AppData\\Local\\Programs\\Python\\Python312\\Lib\\site-packages\\pluggy\\_callers.py\", line 121, in _multicall\n    res = hook_impl.function(*args)\n  File \"C:\\Users\\asith\\AppData\\Local\\Programs\\Python\\Python312\\Lib\\site-packages\\_pytest\\main.py\", line 367, in pytest_runtestloop\n    item.config.hook.pytest_runtest_protocol(item=item, nextitem=nextitem)\n  File \"C:\\Users\\asith\\AppData\\Local\\Programs\\Python\\Python312\\Lib\\site-packages\\pluggy\\_hooks.py\", line 512, in __call__\n    return self._hookexec(self.name, self._hookimpls.copy(), kwargs, firstresult)\n  File \"C:\\Users\\asith\\AppData\\Local\\Programs\\Python\\Python312\\Lib\\site-packages\\pluggy\\_manager.py\", line 120, in _hookexec\n    return self._inner_hookexec(hook_name, methods, kwargs, firstresult)\n  File \"C:\\Users\\asith\\AppData\\Local\\Programs\\Python\\Python312\\Lib\\site-packages\\pluggy\\_callers.py\", line 121, in _multicall\n    res = hook_impl.function(*args)\n  File \"C:\\Users\\asith\\AppData\\Local\\Programs\\Python\\Python312\\Lib\\site-packages\\_pytest\\runner.py\", line 117, in pytest_runtest_protocol\n    runtestprotocol(item, nextitem=nextitem)\n  File \"C:\\Users\\asith\\AppData\\Local\\Programs\\Python\\Python312\\Lib\\site-packages\\_pytest\\runner.py\", line 136, in runtestprotocol\n    reports.append(call_and_report(item, \"call\", log))\n  File \"C:\\Users\\asith\\AppData\\Local\\Programs\\Python\\Python312\\Lib\\site-packages\\_pytest\\runner.py\", line 245, in call_and_report\n    call = CallInfo.from_call(\n  File \"C:\\Users\\asith\\AppData\\Local\\Programs\\Python\\Python312\\Lib\\site-packages\\_pytest\\runner.py\", line 344, in from_call\n    result: TResult | None = func()\n  File \"C:\\Users\\asith\\AppData\\Local\\Programs\\Python\\Python312\\Lib\\site-packages\\_pytest\\runner.py\", line 246, in <lambda>\n    lambda: runtest_hook(item=item, **kwds), when=when, reraise=reraise\n  File \"C:\\Users\\asith\\AppData\\Local\\Programs\\Python\\Python312\\Lib\\site-packages\\pluggy\\_hooks.py\", line 512, in __call__\n    return self._hookexec(self.name, self._hookimpls.copy(), kwargs, firstresult)\n  File \"C:\\Users\\asith\\AppData\\Local\\Programs\\Python\\Python312\\Lib\\site-packages\\pluggy\\_manager.py\", line 120, in _hookexec\n    return self._inner_hookexec(hook_name, methods, kwargs, firstresult)\n  File \"C:\\Users\\asith\\AppData\\Local\\Programs\\Python\\Python312\\Lib\\site-packages\\pluggy\\_callers.py\", line 121, in _multicall\n    res = hook_impl.function(*args)\n  File \"C:\\Users\\asith\\AppData\\Local\\Programs\\Python\\Python312\\Lib\\site-packages\\_pytest\\runner.py\", line 178, in pytest_runtest_call\n    item.runtest()\n  File \"C:\\Users\\asith\\AppData\\Local\\Programs\\Python\\Python312\\Lib\\site-packages\\_pytest\\python.py\", line 1671, in runtest\n    self.ihook.pytest_pyfunc_call(pyfuncitem=self)\n  File \"C:\\Users\\asith\\AppData\\Local\\Programs\\Python\\Python312\\Lib\\site-packages\\pluggy\\_hooks.py\", line 512, in __call__\n    return self._hookexec(self.name, self._hookimpls.copy(), kwargs, firstresult)\n  File \"C:\\Users\\asith\\AppData\\Local\\Programs\\Python\\Python312\\Lib\\site-packages\\pluggy\\_manager.py\", line 120, in _hookexec\n    return self._inner_hookexec(hook_name, methods, kwargs, firstresult)\n  File \"C:\\Users\\asith\\AppData\\Local\\Programs\\Python\\Python312\\Lib\\site-packages\\pluggy\\_callers.py\", line 121, in _multicall\n    res = hook_impl.function(*args)\n  File \"C:\\Users\\asith\\AppData\\Local\\Programs\\Python\\Python312\\Lib\\site-packages\\_pytest\\python.py\", line 157, in pytest_pyfunc_call\n    result = testfunction(**testargs)\n  File \"C:\\Users\\asith\\Documents\\upload_bridge\\tests\\comprehensive\\test_suite_2_feature_overview.py\", line 49, in test_matrix_design_canvas_events\n    design_tab.load_pattern(sample_pattern)\n  File \"C:\\Users\\asith\\Documents\\upload_bridge\\ui\\tabs\\design_tools_tab.py\", line 5428, in load_pattern\n    self.frame_manager.set_pattern(pattern_copy)\n  File \"C:\\Users\\asith\\Documents\\upload_bridge\\domain\\frames.py\", line 32, in set_pattern\n    self.frame_index_changed.emit(self._current_index)\n  File \"C:\\Users\\asith\\Documents\\upload_bridge\\ui\\tabs\\design_tools_tab.py\", line 7057, in _on_manager_frame_selected\n    self._load_current_frame_into_canvas()\n  File \"C:\\Users\\asith\\Documents\\upload_bridge\\ui\\tabs\\design_tools_tab.py\", line 6903, in _load_current_frame_into_canvas\n    self._update_status_labels()\n  File \"C:\\Users\\asith\\Documents\\upload_bridge\\ui\\tabs\\design_tools_tab.py\", line 4115, in _update_status_labels\n    QMessageBox.warning(\n+++++++++++++++++++++++++++++++++++ Timeout +++++++++++++++++++++++++++++++++++\n",
      "stderr": ""
    },
    {
      "suite": "L2: Suite 3 - Tabs Integration",
      "path": "tests/comprehensive/test_suite_3_all_tabs_integration.py",
      "returncode": 1,
      "summary": "5 failed, 1 passed in 1.95s",
      "stdout": "F.FFFF\n================================== FAILURES ===================================\nC:\\Users\\asith\\Documents\\upload_bridge\\tests\\comprehensive\\test_suite_3_all_tabs_integration.py:53: assert None is not None\nC:\\Users\\asith\\Documents\\upload_bridge\\tests\\comprehensive\\test_suite_3_all_tabs_integration.py:69: assert None is not None\nC:\\Users\\asith\\Documents\\upload_bridge\\tests\\comprehensive\\test_suite_3_all_tabs_integration.py:77: assert None is not None\nC:\\Users\\asith\\Documents\\upload_bridge\\tests\\comprehensive\\test_suite_3_all_tabs_integration.py:85: assert None is not None\nC:\\Users\\asith\\Documents\\upload_bridge\\tests\\comprehensive\\test_suite_3_all_tabs_integration.py:93: assert None is not None\n=========================== short test summary info ===========================\nFAILED tests/comprehensive/test_suite_3_all_tabs_integration.py::TestTabInitialization::test_media_upload_tab_initializes\nFAILED tests/comprehensive/test_suite_3_all_tabs_integration.py::TestTabInitialization::test_preview_tab_initializes\nFAILED tests/comprehensive/test_suite_3_all_tabs_integration.py::TestTabInitialization::test_flash_tab_initializes\nFAILED tests/comprehensive/test_suite_3_all_tabs_integration.py::TestTabInitialization::test_batch_flash_tab_initializes\nFAILED tests/comprehensive/test_suite_3_all_tabs_integration.py::TestTabInitialization::test_pattern_library_tab_initializes\n!!!!!!!!!!!!!!!!!!!!!!!!!! stopping after 5 failures !!!!!!!!!!!!!!!!!!!!!!!!!!\n5 failed, 1 passed in 1.95s\n",
      "stderr": ""
    },
    {
      "suite": "L2: Suite 4 - Signal Connections",
      "path": "tests/comprehensive/test_suite_4_signal_connections.py",
      "returncode": 1,
      "summary": "No summary",
      "stdout": "+++++++++++++++++++++++++++++++++++ Timeout +++++++++++++++++++++++++++++++++++\n~~~~~~~~~~~~~~~~~~~~~~~~~ Stack of MainThread (7612) ~~~~~~~~~~~~~~~~~~~~~~~~~~\n  File \"<frozen runpy>\", line 198, in _run_module_as_main\n  File \"<frozen runpy>\", line 88, in _run_code\n  File \"C:\\Users\\asith\\AppData\\Local\\Programs\\Python\\Python312\\Lib\\site-packages\\pytest\\__main__.py\", line 9, in <module>\n    raise SystemExit(pytest.console_main())\n  File \"C:\\Users\\asith\\AppData\\Local\\Programs\\Python\\Python312\\Lib\\site-packages\\_pytest\\config\\__init__.py\", line 201, in console_main\n    code = main()\n  File \"C:\\Users\\asith\\AppData\\Local\\Programs\\Python\\Python312\\Lib\\site-packages\\_pytest\\config\\__init__.py\", line 175, in main\n    ret: ExitCode | int = config.hook.pytest_cmdline_main(config=config)\n  File \"C:\\Users\\asith\\AppData\\Local\\Programs\\Python\\Python312\\Lib\\site-packages\\pluggy\\_hooks.py\", line 512, in __call__\n    return self._hookexec(self.name, self._hookimpls.copy(), kwargs, firstresult)\n  File \"C:\\Users\\asith\\AppData\\Local\\Programs\\Python\\Python312\\Lib\\site-packages\\pluggy\\_manager.py\", line 120, in _hookexec\n    return self._inner_hookexec(hook_name, methods, kwargs, firstresult)\n  File \"C:\\Users\\asith\\AppData\\Local\\Programs\\Python\\Python312\\Lib\\site-packages\\pluggy\\_callers.py\", line 121, in _multicall\n    res = hook_impl.function(*args)\n  File \"C:\\Users\\asith\\AppData\\Local\\Programs\\Python\\Python312\\Lib\\site-packages\\_pytest\\main.py\", line 336, in pytest_cmdline_main\n    return wrap_session(config, _main)\n  File \"C:\\Users\\asith\\AppData\\Local\\Programs\\Python\\Python312\\Lib\\site-packages\\_pytest\\main.py\", line 289, in wrap_session\n    session.exitstatus = doit(config, session) or 0\n  File \"C:\\Users\\asith\\AppData\\Local\\Programs\\Python\\Python312\\Lib\\site-packages\\_pytest\\main.py\", line 343, in _main\n    config.hook.pytest_runtestloop(session=session)\n  File \"C:\\Users\\asith\\AppData\\Local\\Programs\\Python\\Python312\\Lib\\site-packages\\pluggy\\_hooks.py\", line 512, in __call__\n    return self._hookexec(self.name, self._hookimpls.copy(), kwargs, firstresult)\n  File \"C:\\Users\\asith\\AppData\\Local\\Programs\\Python\\Python312\\Lib\\site-packages\\pluggy\\_manager.py\", line 120, in _hookexec\n    return self._inner_hookexec(hook_name, methods, kwargs, firstresult)\n  File \"C:\\Users\\asith\\AppData\\Local\\Programs\\Python\\Python312\\Lib\\site-packages\\pluggy\\_callers.py\", line 121, in _multicall\n    res = hook_impl.function(*args)\n  File \"C:\\Users\\asith\\AppData\\Local\\Programs\\Python\\Python312\\Lib\\site-packages\\_pytest\\main.py\", line 367, in pytest_runtestloop\n    item.config.hook.pytest_runtest_protocol(item=item, nextitem=nextitem)\n  File \"C:\\Users\\asith\\AppData\\Local\\Programs\\Python\\Python312\\Lib\\site-packages\\pluggy\\_hooks.py\", line 512, in __call__\n    return self._hookexec(self.name, self._hookimpls.copy(), kwargs, firstresult)\n  File \"C:\\Users\\asith\\AppData\\Local\\Programs\\Python\\Python312\\Lib\\site-packages\\pluggy\\_manager.py\", line 120, in _hookexec\n    return self._inner_hookexec(hook_name, methods, kwargs, firstresult)\n  File \"C:\\Users\\asith\\AppData\\Local\\Programs\\Python\\Python312\\Lib\\site-packages\\pluggy\\_callers.py\", line 121, in _multicall\n    res = hook_impl.function(*args)\n  File \"C:\\Users\\asith\\AppData\\Local\\Programs\\Python\\Python312\\Lib\\site-packages\\_pytest\\runner.py\", line 117, in pytest_runtest_protocol\n    runtestprotocol(item, nextitem=nextitem)\n  File \"C:\\Users\\asith\\AppData\\Local\\Programs\\Python\\Python312\\Lib\\site-packages\\_pytest\\runner.py\", line 136, in runtestprotocol\n    reports.append(call_and_report(item, \"call\", log))\n  File \"C:\\Users\\asith\\AppData\\Local\\Programs\\Python\\Python312\\Lib\\site-packages\\_pytest\\runner.py\", line 245, in call_and_report\n    call = CallInfo.from_call(\n  File \"C:\\Users\\asith\\AppData\\Local\\Programs\\Python\\Python312\\Lib\\site-packages\\_pytest\\runner.py\", line 344, in from_call\n    result: TResult | None = func()\n  File \"C:\\Users\\asith\\AppData\\Local\\Programs\\Python\\Python312\\Lib\\site-packages\\_pytest\\runner.py\", line 246, in <lambda>\n    lambda: runtest_hook(item=item, **kwds), when=when, reraise=reraise\n  File \"C:\\Users\\asith\\AppData\\Local\\Programs\\Python\\Python312\\Lib\\site-packages\\pluggy\\_hooks.py\", line 512, in __call__\n    return self._hookexec(self.name, self._hookimpls.copy(), kwargs, firstresult)\n  File \"C:\\Users\\asith\\AppData\\Local\\Programs\\Python\\Python312\\Lib\\site-packages\\pluggy\\_manager.py\", line 120, in _hookexec\n    return self._inner_hookexec(hook_name, methods, kwargs, firstresult)\n  File \"C:\\Users\\asith\\AppData\\Local\\Programs\\Python\\Python312\\Lib\\site-packages\\pluggy\\_callers.py\", line 121, in _multicall\n    res = hook_impl.function(*args)\n  File \"C:\\Users\\asith\\AppData\\Local\\Programs\\Python\\Python312\\Lib\\site-packages\\_pytest\\runner.py\", line 178, in pytest_runtest_call\n    item.runtest()\n  File \"C:\\Users\\asith\\AppData\\Local\\Programs\\Python\\Python312\\Lib\\site-packages\\_pytest\\python.py\", line 1671, in runtest\n    self.ihook.pytest_pyfunc_call(pyfuncitem=self)\n  File \"C:\\Users\\asith\\AppData\\Local\\Programs\\Python\\Python312\\Lib\\site-packages\\pluggy\\_hooks.py\", line 512, in __call__\n    return self._hookexec(self.name, self._hookimpls.copy(), kwargs, firstresult)\n  File \"C:\\Users\\asith\\AppData\\Local\\Programs\\Python\\Python312\\Lib\\site-packages\\pluggy\\_manager.py\", line 120, in _hookexec\n    return self._inner_hookexec(hook_name, methods, kwargs, firstresult)\n  File \"C:\\Users\\asith\\AppData\\Local\\Programs\\Python\\Python312\\Lib\\site-packages\\pluggy\\_callers.py\", line 121, in _multicall\n    res = hook_impl.function(*args)\n  File \"C:\\Users\\asith\\AppData\\Local\\Programs\\Python\\Python312\\Lib\\site-packages\\_pytest\\python.py\", line 157, in pytest_pyfunc_call\n    result = testfunction(**testargs)\n  File \"C:\\Users\\asith\\Documents\\upload_bridge\\tests\\comprehensive\\test_suite_4_signal_connections.py\", line 58, in test_pattern_modified_signal\n    design_tab.load_pattern(sample_pattern)\n  File \"C:\\Users\\asith\\Documents\\upload_bridge\\ui\\tabs\\design_tools_tab.py\", line 5428, in load_pattern\n    self.frame_manager.set_pattern(pattern_copy)\n  File \"C:\\Users\\asith\\Documents\\upload_bridge\\domain\\frames.py\", line 32, in set_pattern\n    self.frame_index_changed.emit(self._current_index)\n  File \"C:\\Users\\asith\\Documents\\upload_bridge\\ui\\tabs\\design_tools_tab.py\", line 7057, in _on_manager_frame_selected\n    self._load_current_frame_into_canvas()\n  File \"C:\\Users\\asith\\Documents\\upload_bridge\\ui\\tabs\\design_tools_tab.py\", line 6903, in _load_current_frame_into_canvas\n    self._update_status_labels()\n  File \"C:\\Users\\asith\\Documents\\upload_bridge\\ui\\tabs\\design_tools_tab.py\", line 4115, in _update_status_labels\n    QMessageBox.warning(\n+++++++++++++++++++++++++++++++++++ Timeout +++++++++++++++++++++++++++++++++++\n",
      "stderr": ""
    },
    {
      "suite": "L2: Suite 5 - Error Handling",
      "path": "tests/comprehensive/test_suite_5_error_handling.py",
      "returncode": 1,
      "summary": "No summary",
      "stdout": "+++++++++++++++++++++++++++++++++++ Timeout +++++++++++++++++++++++++++++++++++\n~~~~~~~~~~~~~~~~~~~~~~~~~ Stack of MainThread (13368) ~~~~~~~~~~~~~~~~~~~~~~~~~\n  File \"<frozen runpy>\", line 198, in _run_module_as_main\n  File \"<frozen runpy>\", line 88, in _run_code\n  File \"C:\\Users\\asith\\AppData\\Local\\Programs\\Python\\Python312\\Lib\\site-packages\\pytest\\__main__.py\", line 9, in <module>\n    raise SystemExit(pytest.console_main())\n  File \"C:\\Users\\asith\\AppData\\Local\\Programs\\Python\\Python312\\Lib\\site-packages\\_pytest\\config\\__init__.py\", line 201, in console_main\n    code = main()\n  File \"C:\\Users\\asith\\AppData\\Local\\Programs\\Python\\Python312\\Lib\\site-packages\\_pytest\\config\\__init__.py\", line 175, in main\n    ret: ExitCode | int = config.hook.pytest_cmdline_main(config=config)\n  File \"C:\\Users\\asith\\AppData\\Local\\Programs\\Python\\Python312\\Lib\\site-packages\\pluggy\\_hooks.py\", line 512, in __call__\n    return self._hookexec(self.name, self._hookimpls.copy(), kwargs, firstresult)\n  File \"C:\\Users\\asith\\AppData\\Local\\Programs\\Python\\Python312\\Lib\\site-packages\\pluggy\\_manager.py\", line 120, in _hookexec\n    return self._inner_hookexec(hook_name, methods, kwargs, firstresult)\n  File \"C:\\Users\\asith\\AppData\\Local\\Programs\\Python\\Python312\\Lib\\site-packages\\pluggy\\_callers.py\", line 121, in _multicall\n    res = hook_impl.function(*args)\n  File \"C:\\Users\\asith\\AppData\\Local\\Programs\\Python\\Python312\\Lib\\site-packages\\_pytest\\main.py\", line 336, in pytest_cmdline_main\n    return wrap_session(config, _main)\n  File \"C:\\Users\\asith\\AppData\\Local\\Programs\\Python\\Python312\\Lib\\site-packages\\_pytest\\main.py\", line 289, in wrap_session\n    session.exitstatus = doit(config, session) or 0\n  File \"C:\\Users\\asith\\AppData\\Local\\Programs\\Python\\Python312\\Lib\\site-packages\\_pytest\\main.py\", line 343, in _main\n    config.hook.pytest_runtestloop(session=session)\n  File \"C:\\Users\\asith\\AppData\\Local\\Programs\\Python\\Python312\\Lib\\site-packages\\pluggy\\_hooks.py\", line 512, in __call__\n    return self._hookexec(self.name, self._hookimpls.copy(), kwargs, firstresult)\n  File \"C:\\Users\\asith\\AppData\\Local\\Programs\\Python\\Python312\\Lib\\site-packages\\pluggy\\_manager.py\", line 120, in _hookexec\n    return self._inner_hookexec(hook_name, methods, kwargs, firstresult)\n  File \"C:\\Users\\asith\\AppData\\Local\\Programs\\Python\\Python312\\Lib\\site-packages\\pluggy\\_callers.py\", line 121, in _multicall\n    res = hook_impl.function(*args)\n  File \"C:\\Users\\asith\\AppData\\Local\\Programs\\Python\\Python312\\Lib\\site-packages\\_pytest\\main.py\", line 367, in pytest_runtestloop\n    item.config.hook.pytest_runtest_protocol(item=item, nextitem=nextitem)\n  File \"C:\\Users\\asith\\AppData\\Local\\Programs\\Python\\Python312\\Lib\\site-packages\\pluggy\\_hooks.py\", line 512, in __call__\n    return self._hookexec(self.name, self._hookimpls.copy(), kwargs, firstresult)\n  File \"C:\\Users\\asith\\AppData\\Local\\Programs\\Python\\Python312\\Lib\\site-packages\\pluggy\\_manager.py\", line 120, in _hookexec\n    return self._inner_hookexec(hook_name, methods, kwargs, firstresult)\n  File \"C:\\Users\\asith\\AppData\\Local\\Programs\\Python\\Python312\\Lib\\site-packages\\pluggy\\_callers.py\", line 121, in _multicall\n    res = hook_impl.function(*args)\n  File \"C:\\Users\\asith\\AppData\\Local\\Programs\\Python\\Python312\\Lib\\site-packages\\_pytest\\runner.py\", line 117, in pytest_runtest_protocol\n    runtestprotocol(item, nextitem=nextitem)\n  File \"C:\\Users\\asith\\AppData\\Local\\Programs\\Python\\Python312\\Lib\\site-packages\\_pytest\\runner.py\", line 136, in runtestprotocol\n    reports.append(call_and_report(item, \"call\", log))\n  File \"C:\\Users\\asith\\AppData\\Local\\Programs\\Python\\Python312\\Lib\\site-packages\\_pytest\\runner.py\", line 245, in call_and_report\n    call = CallInfo.from_call(\n  File \"C:\\Users\\asith\\AppData\\Local\\Programs\\Python\\Python312\\Lib\\site-packages\\_pytest\\runner.py\", line 344, in from_call\n    result: TResult | None = func()\n  File \"C:\\Users\\asith\\AppData\\Local\\Programs\\Python\\Python312\\Lib\\site-packages\\_pytest\\runner.py\", line 246, in <lambda>\n    lambda: runtest_hook(item=item, **kwds), when=when, reraise=reraise\n  File \"C:\\Users\\asith\\AppData\\Local\\Programs\\Python\\Python312\\Lib\\site-packages\\pluggy\\_hooks.py\", line 512, in __call__\n    return self._hookexec(self.name, self._hookimpls.copy(), kwargs, firstresult)\n  File \"C:\\Users\\asith\\AppData\\Local\\Programs\\Python\\Python312\\Lib\\site-packages\\pluggy\\_manager.py\", line 120, in _hookexec\n    return self._inner_hookexec(hook_name, methods, kwargs, firstresult)\n  File \"C:\\Users\\asith\\AppData\\Local\\Programs\\Python\\Python312\\Lib\\site-packages\\pluggy\\_callers.py\", line 121, in _multicall\n    res = hook_impl.function(*args)\n  File \"C:\\Users\\asith\\AppData\\Local\\Programs\\Python\\Python312\\Lib\\site-packages\\_pytest\\runner.py\", line 178, in pytest_runtest_call\n    item.runtest()\n  File \"C:\\Users\\asith\\AppData\\Local\\Programs\\Python\\Python312\\Lib\\site-packages\\_pytest\\python.py\", line 1671, in runtest\n    self.ihook.pytest_pyfunc_call(pyfuncitem=self)\n  File \"C:\\Users\\asith\\AppData\\Local\\Programs\\Python\\Python312\\Lib\\site-packages\\pluggy\\_hooks.py\", line 512, in __call__\n    return self._hookexec(self.name, self._hookimpls.copy(), kwargs, firstresult)\n  File \"C:\\Users\\asith\\AppData\\Local\\Programs\\Python\\Python312\\Lib\\site-packages\\pluggy\\_manager.py\", line 120, in _hookexec\n    return self._inner_hookexec(hook_name, methods, kwargs, firstresult)\n  File \"C:\\Users\\asith\\AppData\\Local\\Programs\\Python\\Python312\\Lib\\site-packages\\pluggy\\_callers.py\", line 121, in _multicall\n    res = hook_impl.function(*args)\n  File \"C:\\Users\\asith\\AppData\\Local\\Programs\\Python\\Python312\\Lib\\site-packages\\_pytest\\python.py\", line 157, in pytest_pyfunc_call\n    result = testfunction(**testargs)\n  File \"C:\\Users\\asith\\Documents\\upload_bridge\\tests\\comprehensive\\test_suite_5_error_handling.py\", line 48, in test_invalid_dimensions_defaults\n    design_tab._on_new_pattern_clicked()\n  File \"C:\\Users\\asith\\Documents\\upload_bridge\\ui\\tabs\\design_tools_tab.py\", line 765, in _on_new_pattern_clicked\n    if not self._confirm_discard_changes():\n  File \"C:\\Users\\asith\\Documents\\upload_bridge\\ui\\tabs\\design_tools_tab.py\", line 1105, in _confirm_discard_changes\n    response = QMessageBox.question(\n+++++++++++++++++++++++++++++++++++ Timeout +++++++++++++++++++++++++++++++++++\n",
      "stderr": ""
    },
    {
      "suite": "L2: Suite 6 - UI Components",
      "path": "tests/comprehensive/test_suite_6_ui_components.py",
      "returncode": 1,
      "summary": "No summary",
      "stdout": "..+++++++++++++++++++++++++++++++++++ Timeout +++++++++++++++++++++++++++++++++++\n~~~~~~~~~~~~~~~~~~~~~~~~~ Stack of MainThread (7276) ~~~~~~~~~~~~~~~~~~~~~~~~~~\n  File \"<frozen runpy>\", line 198, in _run_module_as_main\n  File \"<frozen runpy>\", line 88, in _run_code\n  File \"C:\\Users\\asith\\AppData\\Local\\Programs\\Python\\Python312\\Lib\\site-packages\\pytest\\__main__.py\", line 9, in <module>\n    raise SystemExit(pytest.console_main())\n  File \"C:\\Users\\asith\\AppData\\Local\\Programs\\Python\\Python312\\Lib\\site-packages\\_pytest\\config\\__init__.py\", line 201, in console_main\n    code = main()\n  File \"C:\\Users\\asith\\AppData\\Local\\Programs\\Python\\Python312\\Lib\\site-packages\\_pytest\\config\\__init__.py\", line 175, in main\n    ret: ExitCode | int = config.hook.pytest_cmdline_main(config=config)\n  File \"C:\\Users\\asith\\AppData\\Local\\Programs\\Python\\Python312\\Lib\\site-packages\\pluggy\\_hooks.py\", line 512, in __call__\n    return self._hookexec(self.name, self._hookimpls.copy(), kwargs, firstresult)\n  File \"C:\\Users\\asith\\AppData\\Local\\Programs\\Python\\Python312\\Lib\\site-packages\\pluggy\\_manager.py\", line 120, in _hookexec\n    return self._inner_hookexec(hook_name, methods, kwargs, firstresult)\n  File \"C:\\Users\\asith\\AppData\\Local\\Programs\\Python\\Python312\\Lib\\site-packages\\pluggy\\_callers.py\", line 121, in _multicall\n    res = hook_impl.function(*args)\n  File \"C:\\Users\\asith\\AppData\\Local\\Programs\\Python\\Python312\\Lib\\site-packages\\_pytest\\main.py\", line 336, in pytest_cmdline_main\n    return wrap_session(config, _main)\n  File \"C:\\Users\\asith\\AppData\\Local\\Programs\\Python\\Python312\\Lib\\site-packages\\_pytest\\main.py\", line 289, in wrap_session\n    session.exitstatus = doit(config, session) or 0\n  File \"C:\\Users\\asith\\AppData\\Local\\Programs\\Python\\Python312\\Lib\\site-packages\\_pytest\\main.py\", line 343, in _main\n    config.hook.pytest_runtestloop(session=session)\n  File \"C:\\Users\\asith\\AppData\\Local\\Programs\\Python\\Python312\\Lib\\site-packages\\pluggy\\_hooks.py\", line 512, in __call__\n    return self._hookexec(self.name, self._hookimpls.copy(), kwargs, firstresult)\n  File \"C:\\Users\\asith\\AppData\\Local\\Programs\\Python\\Python312\\Lib\\site-packages\\pluggy\\_manager.py\", line 120, in _hookexec\n    return self._inner_hookexec(hook_name, methods, kwargs, firstresult)\n  File \"C:\\Users\\asith\\AppData\\Local\\Programs\\Python\\Python312\\Lib\\site-packages\\pluggy\\_callers.py\", line 121, in _multicall\n    res = hook_impl.function(*args)\n  File \"C:\\Users\\asith\\AppData\\Local\\Programs\\Python\\Python312\\Lib\\site-packages\\_pytest\\main.py\", line 367, in pytest_runtestloop\n    item.config.hook.pytest_runtest_protocol(item=item, nextitem=nextitem)\n  File \"C:\\Users\\asith\\AppData\\Local\\Programs\\Python\\Python312\\Lib\\site-packages\\pluggy\\_hooks.py\", line 512, in __call__\n    return self._hookexec(self.name, self._hookimpls.copy(), kwargs, firstresult)\n  File \"C:\\Users\\asith\\AppData\\Local\\Programs\\Python\\Python312\\Lib\\site-packages\\pluggy\\_manager.py\", line 120, in _hookexec\n    return self._inner_hookexec(hook_name, methods, kwargs, firstresult)\n  File \"C:\\Users\\asith\\AppData\\Local\\Programs\\Python\\Python312\\Lib\\site-packages\\pluggy\\_callers.py\", line 121, in _multicall\n    res = hook_impl.function(*args)\n  File \"C:\\Users\\asith\\AppData\\Local\\Programs\\Python\\Python312\\Lib\\site-packages\\_pytest\\runner.py\", line 117, in pytest_runtest_protocol\n    runtestprotocol(item, nextitem=nextitem)\n  File \"C:\\Users\\asith\\AppData\\Local\\Programs\\Python\\Python312\\Lib\\site-packages\\_pytest\\runner.py\", line 136, in runtestprotocol\n    reports.append(call_and_report(item, \"call\", log))\n  File \"C:\\Users\\asith\\AppData\\Local\\Programs\\Python\\Python312\\Lib\\site-packages\\_pytest\\runner.py\", line 245, in call_and_report\n    call = CallInfo.from_call(\n  File \"C:\\Users\\asith\\AppData\\Local\\Programs\\Python\\Python312\\Lib\\site-packages\\_pytest\\runner.py\", line 344, in from_call\n    result: TResult | None = func()\n  File \"C:\\Users\\asith\\AppData\\Local\\Programs\\Python\\Python312\\Lib\\site-packages\\_pytest\\runner.py\", line 246, in <lambda>\n    lambda: runtest_hook(item=item, **kwds), when=when, reraise=reraise\n  File \"C:\\Users\\asith\\AppData\\Local\\Programs\\Python\\Python312\\Lib\\site-packages\\pluggy\\_hooks.py\", line 512, in __call__\n    return self._hookexec(self.name, self._hookimpls.copy(), kwargs, firstresult)\n  File \"C:\\Users\\asith\\AppData\\Local\\Programs\\Python\\Python312\\Lib\\site-packages\\pluggy\\_manager.py\", line 120, in _hookexec\n    return self._inner_hookexec(hook_name, methods, kwargs, firstresult)\n  File \"C:\\Users\\asith\\AppData\\Local\\Programs\\Python\\Python312\\Lib\\site-packages\\pluggy\\_callers.py\", line 121, in _multicall\n    res = hook_impl.function(*args)\n  File \"C:\\Users\\asith\\AppData\\Local\\Programs\\Python\\Python312\\Lib\\site-packages\\_pytest\\runner.py\", line 178, in pytest_runtest_call\n    item.runtest()\n  File \"C:\\Users\\asith\\AppData\\Local\\Programs\\Python\\Python312\\Lib\\site-packages\\_pytest\\python.py\", line 1671, in runtest\n    self.ihook.pytest_pyfunc_call(pyfuncitem=self)\n  File \"C:\\Users\\asith\\AppData\\Local\\Programs\\Python\\Python312\\Lib\\site-packages\\pluggy\\_hooks.py\", line 512, in __call__\n    return self._hookexec(self.name, self._hookimpls.copy(), kwargs, firstresult)\n  File \"C:\\Users\\asith\\AppData\\Local\\Programs\\Python\\Python312\\Lib\\site-packages\\pluggy\\_manager.py\", line 120, in _hookexec\n    return self._inner_hookexec(hook_name, methods, kwargs, firstresult)\n  File \"C:\\Users\\asith\\AppData\\Local\\Programs\\Python\\Python312\\Lib\\site-packages\\pluggy\\_callers.py\", line 121, in _multicall\n    res = hook_impl.function(*args)\n  File \"C:\\Users\\asith\\AppData\\Local\\Programs\\Python\\Python312\\Lib\\site-packages\\_pytest\\python.py\", line 157, in pytest_pyfunc_call\n    result = testfunction(**testargs)\n  File \"C:\\Users\\asith\\Documents\\upload_bridge\\tests\\comprehensive\\test_suite_6_ui_components.py\", line 63, in test_status_labels_update\n    design_tab.load_pattern(sample_pattern)\n  File \"C:\\Users\\asith\\Documents\\upload_bridge\\ui\\tabs\\design_tools_tab.py\", line 5428, in load_pattern\n    self.frame_manager.set_pattern(pattern_copy)\n  File \"C:\\Users\\asith\\Documents\\upload_bridge\\domain\\frames.py\", line 32, in set_pattern\n    self.frame_index_changed.emit(self._current_index)\n  File \"C:\\Users\\asith\\Documents\\upload_bridge\\ui\\tabs\\design_tools_tab.py\", line 7057, in _on_manager_frame_selected\n    self._load_current_frame_into_canvas()\n  File \"C:\\Users\\asith\\Documents\\upload_bridge\\ui\\tabs\\design_tools_tab.py\", line 6903, in _load_current_frame_into_canvas\n    self._update_status_labels()\n  File \"C:\\Users\\asith\\Documents\\upload_bridge\\ui\\tabs\\design_tools_tab.py\", line 4115, in _update_status_labels\n    QMessageBox.warning(\n+++++++++++++++++++++++++++++++++++ Timeout +++++++++++++++++++++++++++++++++++\n",
      "stderr": ""
    },
    {
      "suite": "L2: Suite 7 - Manager Interactions",
      "path": "tests/comprehensive/test_suite_7_manager_interactions.py",
      "returncode": 1,
      "summary": "No summary",
      "stdout": "+++++++++++++++++++++++++++++++++++ Timeout +++++++++++++++++++++++++++++++++++\n~~~~~~~~~~~~~~~~~~~~~~~~~~ Stack of MainThread (472) ~~~~~~~~~~~~~~~~~~~~~~~~~~\n  File \"<frozen runpy>\", line 198, in _run_module_as_main\n  File \"<frozen runpy>\", line 88, in _run_code\n  File \"C:\\Users\\asith\\AppData\\Local\\Programs\\Python\\Python312\\Lib\\site-packages\\pytest\\__main__.py\", line 9, in <module>\n    raise SystemExit(pytest.console_main())\n  File \"C:\\Users\\asith\\AppData\\Local\\Programs\\Python\\Python312\\Lib\\site-packages\\_pytest\\config\\__init__.py\", line 201, in console_main\n    code = main()\n  File \"C:\\Users\\asith\\AppData\\Local\\Programs\\Python\\Python312\\Lib\\site-packages\\_pytest\\config\\__init__.py\", line 175, in main\n    ret: ExitCode | int = config.hook.pytest_cmdline_main(config=config)\n  File \"C:\\Users\\asith\\AppData\\Local\\Programs\\Python\\Python312\\Lib\\site-packages\\pluggy\\_hooks.py\", line 512, in __call__\n    return self._hookexec(self.name, self._hookimpls.copy(), kwargs, firstresult)\n  File \"C:\\Users\\asith\\AppData\\Local\\Programs\\Python\\Python312\\Lib\\site-packages\\pluggy\\_manager.py\", line 120, in _hookexec\n    return self._inner_hookexec(hook_name, methods, kwargs, firstresult)\n  File \"C:\\Users\\asith\\AppData\\Local\\Programs\\Python\\Python312\\Lib\\site-packages\\pluggy\\_callers.py\", line 121, in _multicall\n    res = hook_impl.function(*args)\n  File \"C:\\Users\\asith\\AppData\\Local\\Programs\\Python\\Python312\\Lib\\site-packages\\_pytest\\main.py\", line 336, in pytest_cmdline_main\n    return wrap_session(config, _main)\n  File \"C:\\Users\\asith\\AppData\\Local\\Programs\\Python\\Python312\\Lib\\site-packages\\_pytest\\main.py\", line 289, in wrap_session\n    session.exitstatus = doit(config, session) or 0\n  File \"C:\\Users\\asith\\AppData\\Local\\Programs\\Python\\Python312\\Lib\\site-packages\\_pytest\\main.py\", line 343, in _main\n    config.hook.pytest_runtestloop(session=session)\n  File \"C:\\Users\\asith\\AppData\\Local\\Programs\\Python\\Python312\\Lib\\site-packages\\pluggy\\_hooks.py\", line 512, in __call__\n    return self._hookexec(self.name, self._hookimpls.copy(), kwargs, firstresult)\n  File \"C:\\Users\\asith\\AppData\\Local\\Programs\\Python\\Python312\\Lib\\site-packages\\pluggy\\_manager.py\", line 120, in _hookexec\n    return self._inner_hookexec(hook_name, methods, kwargs, firstresult)\n  File \"C:\\Users\\asith\\AppData\\Local\\Programs\\Python\\Python312\\Lib\\site-packages\\pluggy\\_callers.py\", line 121, in _multicall\n    res = hook_impl.function(*args)\n  File \"C:\\Users\\asith\\AppData\\Local\\Programs\\Python\\Python312\\Lib\\site-packages\\_pytest\\main.py\", line 367, in pytest_runtestloop\n    item.config.hook.pytest_runtest_protocol(item=item, nextitem=nextitem)\n  File \"C:\\Users\\asith\\AppData\\Local\\Programs\\Python\\Python312\\Lib\\site-packages\\pluggy\\_hooks.py\", line 512, in __call__\n    return self._hookexec(self.name, self._hookimpls.copy(), kwargs, firstresult)\n  File \"C:\\Users\\asith\\AppData\\Local\\Programs\\Python\\Python312\\Lib\\site-packages\\pluggy\\_manager.py\", line 120, in _hookexec\n    return self._inner_hookexec(hook_name, methods, kwargs, firstresult)\n  File \"C:\\Users\\asith\\AppData\\Local\\Programs\\Python\\Python312\\Lib\\site-packages\\pluggy\\_callers.py\", line 121, in _multicall\n    res = hook_impl.function(*args)\n  File \"C:\\Users\\asith\\AppData\\Local\\Programs\\Python\\Python312\\Lib\\site-packages\\_pytest\\runner.py\", line 117, in pytest_runtest_protocol\n    runtestprotocol(item, nextitem=nextitem)\n  File \"C:\\Users\\asith\\AppData\\Local\\Programs\\Python\\Python312\\Lib\\site-packages\\_pytest\\runner.py\", line 136, in runtestprotocol\n    reports.append(call_and_report(item, \"call\", log))\n  File \"C:\\Users\\asith\\AppData\\Local\\Programs\\Python\\Python312\\Lib\\site-packages\\_pytest\\runner.py\", line 245, in call_and_report\n    call = CallInfo.from_call(\n  File \"C:\\Users\\asith\\AppData\\Local\\Programs\\Python\\Python312\\Lib\\site-packages\\_pytest\\runner.py\", line 344, in from_call\n    result: TResult | None = func()\n  File \"C:\\Users\\asith\\AppData\\Local\\Programs\\Python\\Python312\\Lib\\site-packages\\_pytest\\runner.py\", line 246, in <lambda>\n    lambda: runtest_hook(item=item, **kwds), when=when, reraise=reraise\n  File \"C:\\Users\\asith\\AppData\\Local\\Programs\\Python\\Python312\\Lib\\site-packages\\pluggy\\_hooks.py\", line 512, in __call__\n    return self._hookexec(self.name, self._hookimpls.copy(), kwargs, firstresult)\n  File \"C:\\Users\\asith\\AppData\\Local\\Programs\\Python\\Python312\\Lib\\site-packages\\pluggy\\_manager.py\", line 120, in _hookexec\n    return self._inner_hookexec(hook_name, methods, kwargs, firstresult)\n  File \"C:\\Users\\asith\\AppData\\Local\\Programs\\Python\\Python312\\Lib\\site-packages\\pluggy\\_callers.py\", line 121, in _multicall\n    res = hook_impl.function(*args)\n  File \"C:\\Users\\asith\\AppData\\Local\\Programs\\Python\\Python312\\Lib\\site-packages\\_pytest\\runner.py\", line 178, in pytest_runtest_call\n    item.runtest()\n  File \"C:\\Users\\asith\\AppData\\Local\\Programs\\Python\\Python312\\Lib\\site-packages\\_pytest\\python.py\", line 1671, in runtest\n    self.ihook.pytest_pyfunc_call(pyfuncitem=self)\n  File \"C:\\Users\\asith\\AppData\\Local\\Programs\\Python\\Python312\\Lib\\site-packages\\pluggy\\_hooks.py\", line 512, in __call__\n    return self._hookexec(self.name, self._hookimpls.copy(), kwargs, firstresult)\n  File \"C:\\Users\\asith\\AppData\\Local\\Programs\\Python\\Python312\\Lib\\site-packages\\pluggy\\_manager.py\", line 120, in _hookexec\n    return self._inner_hookexec(hook_name, methods, kwargs, firstresult)\n  File \"C:\\Users\\asith\\AppData\\Local\\Programs\\Python\\Python312\\Lib\\site-packages\\pluggy\\_callers.py\", line 121, in _multicall\n    res = hook_impl.function(*args)\n  File \"C:\\Users\\asith\\AppData\\Local\\Programs\\Python\\Python312\\Lib\\site-packages\\_pytest\\python.py\", line 157, in pytest_pyfunc_call\n    result = testfunction(**testargs)\n  File \"C:\\Users\\asith\\Documents\\upload_bridge\\tests\\comprehensive\\test_suite_7_manager_interactions.py\", line 46, in test_pattern_state_updates_all_managers\n    design_tab.load_pattern(sample_pattern)\n  File \"C:\\Users\\asith\\Documents\\upload_bridge\\ui\\tabs\\design_tools_tab.py\", line 5428, in load_pattern\n    self.frame_manager.set_pattern(pattern_copy)\n  File \"C:\\Users\\asith\\Documents\\upload_bridge\\domain\\frames.py\", line 32, in set_pattern\n    self.frame_index_changed.emit(self._current_index)\n  File \"C:\\Users\\asith\\Documents\\upload_bridge\\ui\\tabs\\design_tools_tab.py\", line 7057, in _on_manager_frame_selected\n    self._load_current_frame_into_canvas()\n  File \"C:\\Users\\asith\\Documents\\upload_bridge\\ui\\tabs\\design_tools_tab.py\", line 6903, in _load_current_frame_into_canvas\n    self._update_status_labels()\n  File \"C:\\Users\\asith\\Documents\\upload_bridge\\ui\\tabs\\design_tools_tab.py\", line 4115, in _update_status_labels\n    QMessageBox.warning(\n+++++++++++++++++++++++++++++++++++ Timeout +++++++++++++++++++++++++++++++++++\n",
      "stderr": ""
    },
    {
      "suite": "L2: Suite 8 - File I/O",
      "path": "tests/comprehensive/test_suite_8_file_io.py",
      "returncode": 1,
      "summary": "No summary",
      "stdout": "+++++++++++++++++++++++++++++++++++ Timeout +++++++++++++++++++++++++++++++++++\n~~~~~~~~~~~~~~~~~~~~~~~~~~~~~~~ Captured stderr ~~~~~~~~~~~~~~~~~~~~~~~~~~~~~~~\nExceptions caught in Qt event loop:\n________________________________________________________________________________\nTraceback (most recent call last):\n  File \"C:\\Users\\asith\\Documents\\upload_bridge\\ui\\tabs\\design_tools_tab.py\", line 1163, in _refresh_lms_frame_bindings\n    frame_total = len(self._pattern.frames) if self._pattern and self._pattern.frames else 0\n                                                                 ^^^^^^^^^^^^^^^^^^^^\nAttributeError: 'tuple' object has no attribute 'frames'\n________________________________________________________________________________\nExceptions caught in Qt event loop:\n________________________________________________________________________________\nTraceback (most recent call last):\n  File \"C:\\Users\\asith\\Documents\\upload_bridge\\ui\\tabs\\design_tools_tab.py\", line 7051, in _on_manager_frame_selected\n    frame = self.frame_manager.frame(index)\n            ^^^^^^^^^^^^^^^^^^^^^^^^^^^^^^^\n  File \"C:\\Users\\asith\\Documents\\upload_bridge\\domain\\frames.py\", line 40, in frame\n    index = self._normalise_index(index if index is not None else self._current_index)\n            ^^^^^^^^^^^^^^^^^^^^^^^^^^^^^^^^^^^^^^^^^^^^^^^^^^^^^^^^^^^^^^^^^^^^^^^^^^\n  File \"C:\\Users\\asith\\Documents\\upload_bridge\\domain\\frames.py\", line 107, in _normalise_index\n    frames = self._state.frames()\n             ^^^^^^^^^^^^^^^^^^^^\n  File \"C:\\Users\\asith\\Documents\\upload_bridge\\domain\\pattern_state.py\", line 27, in frames\n    return self.pattern().frames\n           ^^^^^^^^^^^^^^^^^^^^^\nAttributeError: 'tuple' object has no attribute 'frames'\n________________________________________________________________________________\n~~~~~~~~~~~~~~~~~~~~~~~~~ Stack of MainThread (17460) ~~~~~~~~~~~~~~~~~~~~~~~~~\n  File \"<frozen runpy>\", line 198, in _run_module_as_main\n  File \"<frozen runpy>\", line 88, in _run_code\n  File \"C:\\Users\\asith\\AppData\\Local\\Programs\\Python\\Python312\\Lib\\site-packages\\pytest\\__main__.py\", line 9, in <module>\n    raise SystemExit(pytest.console_main())\n  File \"C:\\Users\\asith\\AppData\\Local\\Programs\\Python\\Python312\\Lib\\site-packages\\_pytest\\config\\__init__.py\", line 201, in console_main\n    code = main()\n  File \"C:\\Users\\asith\\AppData\\Local\\Programs\\Python\\Python312\\Lib\\site-packages\\_pytest\\config\\__init__.py\", line 175, in main\n    ret: ExitCode | int = config.hook.pytest_cmdline_main(config=config)\n  File \"C:\\Users\\asith\\AppData\\Local\\Programs\\Python\\Python312\\Lib\\site-packages\\pluggy\\_hooks.py\", line 512, in __call__\n    return self._hookexec(self.name, self._hookimpls.copy(), kwargs, firstresult)\n  File \"C:\\Users\\asith\\AppData\\Local\\Programs\\Python\\Python312\\Lib\\site-packages\\pluggy\\_manager.py\", line 120, in _hookexec\n    return self._inner_hookexec(hook_name, methods, kwargs, firstresult)\n  File \"C:\\Users\\asith\\AppData\\Local\\Programs\\Python\\Python312\\Lib\\site-packages\\pluggy\\_callers.py\", line 121, in _multicall\n    res = hook_impl.function(*args)\n  File \"C:\\Users\\asith\\AppData\\Local\\Programs\\Python\\Python312\\Lib\\site-packages\\_pytest\\main.py\", line 336, in pytest_cmdline_main\n    return wrap_session(config, _main)\n  File \"C:\\Users\\asith\\AppData\\Local\\Programs\\Python\\Python312\\Lib\\site-packages\\_pytest\\main.py\", line 289, in wrap_session\n    session.exitstatus = doit(config, session) or 0\n  File \"C:\\Users\\asith\\AppData\\Local\\Programs\\Python\\Python312\\Lib\\site-packages\\_pytest\\main.py\", line 343, in _main\n    config.hook.pytest_runtestloop(session=session)\n  File \"C:\\Users\\asith\\AppData\\Local\\Programs\\Python\\Python312\\Lib\\site-packages\\pluggy\\_hooks.py\", line 512, in __call__\n    return self._hookexec(self.name, self._hookimpls.copy(), kwargs, firstresult)\n  File \"C:\\Users\\asith\\AppData\\Local\\Programs\\Python\\Python312\\Lib\\site-packages\\pluggy\\_manager.py\", line 120, in _hookexec\n    return self._inner_hookexec(hook_name, methods, kwargs, firstresult)\n  File \"C:\\Users\\asith\\AppData\\Local\\Programs\\Python\\Python312\\Lib\\site-packages\\pluggy\\_callers.py\", line 121, in _multicall\n    res = hook_impl.function(*args)\n  File \"C:\\Users\\asith\\AppData\\Local\\Programs\\Python\\Python312\\Lib\\site-packages\\_pytest\\main.py\", line 367, in pytest_runtestloop\n    item.config.hook.pytest_runtest_protocol(item=item, nextitem=nextitem)\n  File \"C:\\Users\\asith\\AppData\\Local\\Programs\\Python\\Python312\\Lib\\site-packages\\pluggy\\_hooks.py\", line 512, in __call__\n    return self._hookexec(self.name, self._hookimpls.copy(), kwargs, firstresult)\n  File \"C:\\Users\\asith\\AppData\\Local\\Programs\\Python\\Python312\\Lib\\site-packages\\pluggy\\_manager.py\", line 120, in _hookexec\n    return self._inner_hookexec(hook_name, methods, kwargs, firstresult)\n  File \"C:\\Users\\asith\\AppData\\Local\\Programs\\Python\\Python312\\Lib\\site-packages\\pluggy\\_callers.py\", line 121, in _multicall\n    res = hook_impl.function(*args)\n  File \"C:\\Users\\asith\\AppData\\Local\\Programs\\Python\\Python312\\Lib\\site-packages\\_pytest\\runner.py\", line 117, in pytest_runtest_protocol\n    runtestprotocol(item, nextitem=nextitem)\n  File \"C:\\Users\\asith\\AppData\\Local\\Programs\\Python\\Python312\\Lib\\site-packages\\_pytest\\runner.py\", line 136, in runtestprotocol\n    reports.append(call_and_report(item, \"call\", log))\n  File \"C:\\Users\\asith\\AppData\\Local\\Programs\\Python\\Python312\\Lib\\site-packages\\_pytest\\runner.py\", line 245, in call_and_report\n    call = CallInfo.from_call(\n  File \"C:\\Users\\asith\\AppData\\Local\\Programs\\Python\\Python312\\Lib\\site-packages\\_pytest\\runner.py\", line 344, in from_call\n    result: TResult | None = func()\n  File \"C:\\Users\\asith\\AppData\\Local\\Programs\\Python\\Python312\\Lib\\site-packages\\_pytest\\runner.py\", line 246, in <lambda>\n    lambda: runtest_hook(item=item, **kwds), when=when, reraise=reraise\n  File \"C:\\Users\\asith\\AppData\\Local\\Programs\\Python\\Python312\\Lib\\site-packages\\pluggy\\_hooks.py\", line 512, in __call__\n    return self._hookexec(self.name, self._hookimpls.copy(), kwargs, firstresult)\n  File \"C:\\Users\\asith\\AppData\\Local\\Programs\\Python\\Python312\\Lib\\site-packages\\pluggy\\_manager.py\", line 120, in _hookexec\n    return self._inner_hookexec(hook_name, methods, kwargs, firstresult)\n  File \"C:\\Users\\asith\\AppData\\Local\\Programs\\Python\\Python312\\Lib\\site-packages\\pluggy\\_callers.py\", line 121, in _multicall\n    res = hook_impl.function(*args)\n  File \"C:\\Users\\asith\\AppData\\Local\\Programs\\Python\\Python312\\Lib\\site-packages\\_pytest\\runner.py\", line 178, in pytest_runtest_call\n    item.runtest()\n  File \"C:\\Users\\asith\\AppData\\Local\\Programs\\Python\\Python312\\Lib\\site-packages\\_pytest\\python.py\", line 1671, in runtest\n    self.ihook.pytest_pyfunc_call(pyfuncitem=self)\n  File \"C:\\Users\\asith\\AppData\\Local\\Programs\\Python\\Python312\\Lib\\site-packages\\pluggy\\_hooks.py\", line 512, in __call__\n    return self._hookexec(self.name, self._hookimpls.copy(), kwargs, firstresult)\n  File \"C:\\Users\\asith\\AppData\\Local\\Programs\\Python\\Python312\\Lib\\site-packages\\pluggy\\_manager.py\", line 120, in _hookexec\n    return self._inner_hookexec(hook_name, methods, kwargs, firstresult)\n  File \"C:\\Users\\asith\\AppData\\Local\\Programs\\Python\\Python312\\Lib\\site-packages\\pluggy\\_callers.py\", line 121, in _multicall\n    res = hook_impl.function(*args)\n  File \"C:\\Users\\asith\\AppData\\Local\\Programs\\Python\\Python312\\Lib\\site-packages\\_pytest\\python.py\", line 157, in pytest_pyfunc_call\n    result = testfunction(**testargs)\n  File \"C:\\Users\\asith\\Documents\\upload_bridge\\tests\\comprehensive\\test_suite_8_file_io.py\", line 56, in test_import_dat_file\n    design_tab._on_open_pattern_clicked()\n  File \"C:\\Users\\asith\\Documents\\upload_bridge\\ui\\tabs\\design_tools_tab.py\", line 835, in _on_open_pattern_clicked\n    QMessageBox.critical(\n+++++++++++++++++++++++++++++++++++ Timeout +++++++++++++++++++++++++++++++++++\n",
      "stderr": ""
    },
    {
      "suite": "L3: Workflow - Pattern Creation",
      "path": "tests/l3_workflow/test_workflow_pattern_creation.py",
      "returncode": 1,
      "summary": "No summary",
      "stdout": "+++++++++++++++++++++++++++++++++++ Timeout +++++++++++++++++++++++++++++++++++\n~~~~~~~~~~~~~~~~~~~~~~~~~ Stack of MainThread (17496) ~~~~~~~~~~~~~~~~~~~~~~~~~\n  File \"<frozen runpy>\", line 198, in _run_module_as_main\n  File \"<frozen runpy>\", line 88, in _run_code\n  File \"C:\\Users\\asith\\AppData\\Local\\Programs\\Python\\Python312\\Lib\\site-packages\\pytest\\__main__.py\", line 9, in <module>\n    raise SystemExit(pytest.console_main())\n  File \"C:\\Users\\asith\\AppData\\Local\\Programs\\Python\\Python312\\Lib\\site-packages\\_pytest\\config\\__init__.py\", line 201, in console_main\n    code = main()\n  File \"C:\\Users\\asith\\AppData\\Local\\Programs\\Python\\Python312\\Lib\\site-packages\\_pytest\\config\\__init__.py\", line 175, in main\n    ret: ExitCode | int = config.hook.pytest_cmdline_main(config=config)\n  File \"C:\\Users\\asith\\AppData\\Local\\Programs\\Python\\Python312\\Lib\\site-packages\\pluggy\\_hooks.py\", line 512, in __call__\n    return self._hookexec(self.name, self._hookimpls.copy(), kwargs, firstresult)\n  File \"C:\\Users\\asith\\AppData\\Local\\Programs\\Python\\Python312\\Lib\\site-packages\\pluggy\\_manager.py\", line 120, in _hookexec\n    return self._inner_hookexec(hook_name, methods, kwargs, firstresult)\n  File \"C:\\Users\\asith\\AppData\\Local\\Programs\\Python\\Python312\\Lib\\site-packages\\pluggy\\_callers.py\", line 121, in _multicall\n    res = hook_impl.function(*args)\n  File \"C:\\Users\\asith\\AppData\\Local\\Programs\\Python\\Python312\\Lib\\site-packages\\_pytest\\main.py\", line 336, in pytest_cmdline_main\n    return wrap_session(config, _main)\n  File \"C:\\Users\\asith\\AppData\\Local\\Programs\\Python\\Python312\\Lib\\site-packages\\_pytest\\main.py\", line 289, in wrap_session\n    session.exitstatus = doit(config, session) or 0\n  File \"C:\\Users\\asith\\AppData\\Local\\Programs\\Python\\Python312\\Lib\\site-packages\\_pytest\\main.py\", line 343, in _main\n    config.hook.pytest_runtestloop(session=session)\n  File \"C:\\Users\\asith\\AppData\\Local\\Programs\\Python\\Python312\\Lib\\site-packages\\pluggy\\_hooks.py\", line 512, in __call__\n    return self._hookexec(self.name, self._hookimpls.copy(), kwargs, firstresult)\n  File \"C:\\Users\\asith\\AppData\\Local\\Programs\\Python\\Python312\\Lib\\site-packages\\pluggy\\_manager.py\", line 120, in _hookexec\n    return self._inner_hookexec(hook_name, methods, kwargs, firstresult)\n  File \"C:\\Users\\asith\\AppData\\Local\\Programs\\Python\\Python312\\Lib\\site-packages\\pluggy\\_callers.py\", line 121, in _multicall\n    res = hook_impl.function(*args)\n  File \"C:\\Users\\asith\\AppData\\Local\\Programs\\Python\\Python312\\Lib\\site-packages\\_pytest\\main.py\", line 367, in pytest_runtestloop\n    item.config.hook.pytest_runtest_protocol(item=item, nextitem=nextitem)\n  File \"C:\\Users\\asith\\AppData\\Local\\Programs\\Python\\Python312\\Lib\\site-packages\\pluggy\\_hooks.py\", line 512, in __call__\n    return self._hookexec(self.name, self._hookimpls.copy(), kwargs, firstresult)\n  File \"C:\\Users\\asith\\AppData\\Local\\Programs\\Python\\Python312\\Lib\\site-packages\\pluggy\\_manager.py\", line 120, in _hookexec\n    return self._inner_hookexec(hook_name, methods, kwargs, firstresult)\n  File \"C:\\Users\\asith\\AppData\\Local\\Programs\\Python\\Python312\\Lib\\site-packages\\pluggy\\_callers.py\", line 121, in _multicall\n    res = hook_impl.function(*args)\n  File \"C:\\Users\\asith\\AppData\\Local\\Programs\\Python\\Python312\\Lib\\site-packages\\_pytest\\runner.py\", line 117, in pytest_runtest_protocol\n    runtestprotocol(item, nextitem=nextitem)\n  File \"C:\\Users\\asith\\AppData\\Local\\Programs\\Python\\Python312\\Lib\\site-packages\\_pytest\\runner.py\", line 136, in runtestprotocol\n    reports.append(call_and_report(item, \"call\", log))\n  File \"C:\\Users\\asith\\AppData\\Local\\Programs\\Python\\Python312\\Lib\\site-packages\\_pytest\\runner.py\", line 245, in call_and_report\n    call = CallInfo.from_call(\n  File \"C:\\Users\\asith\\AppData\\Local\\Programs\\Python\\Python312\\Lib\\site-packages\\_pytest\\runner.py\", line 344, in from_call\n    result: TResult | None = func()\n  File \"C:\\Users\\asith\\AppData\\Local\\Programs\\Python\\Python312\\Lib\\site-packages\\_pytest\\runner.py\", line 246, in <lambda>\n    lambda: runtest_hook(item=item, **kwds), when=when, reraise=reraise\n  File \"C:\\Users\\asith\\AppData\\Local\\Programs\\Python\\Python312\\Lib\\site-packages\\pluggy\\_hooks.py\", line 512, in __call__\n    return self._hookexec(self.name, self._hookimpls.copy(), kwargs, firstresult)\n  File \"C:\\Users\\asith\\AppData\\Local\\Programs\\Python\\Python312\\Lib\\site-packages\\pluggy\\_manager.py\", line 120, in _hookexec\n    return self._inner_hookexec(hook_name, methods, kwargs, firstresult)\n  File \"C:\\Users\\asith\\AppData\\Local\\Programs\\Python\\Python312\\Lib\\site-packages\\pluggy\\_callers.py\", line 121, in _multicall\n    res = hook_impl.function(*args)\n  File \"C:\\Users\\asith\\AppData\\Local\\Programs\\Python\\Python312\\Lib\\site-packages\\_pytest\\runner.py\", line 178, in pytest_runtest_call\n    item.runtest()\n  File \"C:\\Users\\asith\\AppData\\Local\\Programs\\Python\\Python312\\Lib\\site-packages\\_pytest\\python.py\", line 1671, in runtest\n    self.ihook.pytest_pyfunc_call(pyfuncitem=self)\n  File \"C:\\Users\\asith\\AppData\\Local\\Programs\\Python\\Python312\\Lib\\site-packages\\pluggy\\_hooks.py\", line 512, in __call__\n    return self._hookexec(self.name, self._hookimpls.copy(), kwargs, firstresult)\n  File \"C:\\Users\\asith\\AppData\\Local\\Programs\\Python\\Python312\\Lib\\site-packages\\pluggy\\_manager.py\", line 120, in _hookexec\n    return self._inner_hookexec(hook_name, methods, kwargs, firstresult)\n  File \"C:\\Users\\asith\\AppData\\Local\\Programs\\Python\\Python312\\Lib\\site-packages\\pluggy\\_callers.py\", line 121, in _multicall\n    res = hook_impl.function(*args)\n  File \"C:\\Users\\asith\\AppData\\Local\\Programs\\Python\\Python312\\Lib\\site-packages\\_pytest\\python.py\", line 157, in pytest_pyfunc_call\n    result = testfunction(**testargs)\n  File \"C:\\Users\\asith\\Documents\\upload_bridge\\tests\\l3_workflow\\test_workflow_pattern_creation.py\", line 43, in test_create_pattern_workflow\n    design_tab._on_new_pattern_clicked()\n  File \"C:\\Users\\asith\\Documents\\upload_bridge\\ui\\tabs\\design_tools_tab.py\", line 773, in _on_new_pattern_clicked\n    if dialog.exec() == QDialog.Accepted:\n+++++++++++++++++++++++++++++++++++ Timeout +++++++++++++++++++++++++++++++++++\n",
      "stderr": ""
    },
    {
      "suite": "L3: Workflow - Automation",
      "path": "tests/l3_workflow/test_workflow_automation.py",
      "returncode": 1,
      "summary": "No summary",
      "stdout": "+++++++++++++++++++++++++++++++++++ Timeout +++++++++++++++++++++++++++++++++++\n~~~~~~~~~~~~~~~~~~~~~~~~~ Stack of MainThread (12760) ~~~~~~~~~~~~~~~~~~~~~~~~~\n  File \"<frozen runpy>\", line 198, in _run_module_as_main\n  File \"<frozen runpy>\", line 88, in _run_code\n  File \"C:\\Users\\asith\\AppData\\Local\\Programs\\Python\\Python312\\Lib\\site-packages\\pytest\\__main__.py\", line 9, in <module>\n    raise SystemExit(pytest.console_main())\n  File \"C:\\Users\\asith\\AppData\\Local\\Programs\\Python\\Python312\\Lib\\site-packages\\_pytest\\config\\__init__.py\", line 201, in console_main\n    code = main()\n  File \"C:\\Users\\asith\\AppData\\Local\\Programs\\Python\\Python312\\Lib\\site-packages\\_pytest\\config\\__init__.py\", line 175, in main\n    ret: ExitCode | int = config.hook.pytest_cmdline_main(config=config)\n  File \"C:\\Users\\asith\\AppData\\Local\\Programs\\Python\\Python312\\Lib\\site-packages\\pluggy\\_hooks.py\", line 512, in __call__\n    return self._hookexec(self.name, self._hookimpls.copy(), kwargs, firstresult)\n  File \"C:\\Users\\asith\\AppData\\Local\\Programs\\Python\\Python312\\Lib\\site-packages\\pluggy\\_manager.py\", line 120, in _hookexec\n    return self._inner_hookexec(hook_name, methods, kwargs, firstresult)\n  File \"C:\\Users\\asith\\AppData\\Local\\Programs\\Python\\Python312\\Lib\\site-packages\\pluggy\\_callers.py\", line 121, in _multicall\n    res = hook_impl.function(*args)\n  File \"C:\\Users\\asith\\AppData\\Local\\Programs\\Python\\Python312\\Lib\\site-packages\\_pytest\\main.py\", line 336, in pytest_cmdline_main\n    return wrap_session(config, _main)\n  File \"C:\\Users\\asith\\AppData\\Local\\Programs\\Python\\Python312\\Lib\\site-packages\\_pytest\\main.py\", line 289, in wrap_session\n    session.exitstatus = doit(config, session) or 0\n  File \"C:\\Users\\asith\\AppData\\Local\\Programs\\Python\\Python312\\Lib\\site-packages\\_pytest\\main.py\", line 343, in _main\n    config.hook.pytest_runtestloop(session=session)\n  File \"C:\\Users\\asith\\AppData\\Local\\Programs\\Python\\Python312\\Lib\\site-packages\\pluggy\\_hooks.py\", line 512, in __call__\n    return self._hookexec(self.name, self._hookimpls.copy(), kwargs, firstresult)\n  File \"C:\\Users\\asith\\AppData\\Local\\Programs\\Python\\Python312\\Lib\\site-packages\\pluggy\\_manager.py\", line 120, in _hookexec\n    return self._inner_hookexec(hook_name, methods, kwargs, firstresult)\n  File \"C:\\Users\\asith\\AppData\\Local\\Programs\\Python\\Python312\\Lib\\site-packages\\pluggy\\_callers.py\", line 121, in _multicall\n    res = hook_impl.function(*args)\n  File \"C:\\Users\\asith\\AppData\\Local\\Programs\\Python\\Python312\\Lib\\site-packages\\_pytest\\main.py\", line 367, in pytest_runtestloop\n    item.config.hook.pytest_runtest_protocol(item=item, nextitem=nextitem)\n  File \"C:\\Users\\asith\\AppData\\Local\\Programs\\Python\\Python312\\Lib\\site-packages\\pluggy\\_hooks.py\", line 512, in __call__\n    return self._hookexec(self.name, self._hookimpls.copy(), kwargs, firstresult)\n  File \"C:\\Users\\asith\\AppData\\Local\\Programs\\Python\\Python312\\Lib\\site-packages\\pluggy\\_manager.py\", line 120, in _hookexec\n    return self._inner_hookexec(hook_name, methods, kwargs, firstresult)\n  File \"C:\\Users\\asith\\AppData\\Local\\Programs\\Python\\Python312\\Lib\\site-packages\\pluggy\\_callers.py\", line 121, in _multicall\n    res = hook_impl.function(*args)\n  File \"C:\\Users\\asith\\AppData\\Local\\Programs\\Python\\Python312\\Lib\\site-packages\\_pytest\\runner.py\", line 117, in pytest_runtest_protocol\n    runtestprotocol(item, nextitem=nextitem)\n  File \"C:\\Users\\asith\\AppData\\Local\\Programs\\Python\\Python312\\Lib\\site-packages\\_pytest\\runner.py\", line 136, in runtestprotocol\n    reports.append(call_and_report(item, \"call\", log))\n  File \"C:\\Users\\asith\\AppData\\Local\\Programs\\Python\\Python312\\Lib\\site-packages\\_pytest\\runner.py\", line 245, in call_and_report\n    call = CallInfo.from_call(\n  File \"C:\\Users\\asith\\AppData\\Local\\Programs\\Python\\Python312\\Lib\\site-packages\\_pytest\\runner.py\", line 344, in from_call\n    result: TResult | None = func()\n  File \"C:\\Users\\asith\\AppData\\Local\\Programs\\Python\\Python312\\Lib\\site-packages\\_pytest\\runner.py\", line 246, in <lambda>\n    lambda: runtest_hook(item=item, **kwds), when=when, reraise=reraise\n  File \"C:\\Users\\asith\\AppData\\Local\\Programs\\Python\\Python312\\Lib\\site-packages\\pluggy\\_hooks.py\", line 512, in __call__\n    return self._hookexec(self.name, self._hookimpls.copy(), kwargs, firstresult)\n  File \"C:\\Users\\asith\\AppData\\Local\\Programs\\Python\\Python312\\Lib\\site-packages\\pluggy\\_manager.py\", line 120, in _hookexec\n    return self._inner_hookexec(hook_name, methods, kwargs, firstresult)\n  File \"C:\\Users\\asith\\AppData\\Local\\Programs\\Python\\Python312\\Lib\\site-packages\\pluggy\\_callers.py\", line 121, in _multicall\n    res = hook_impl.function(*args)\n  File \"C:\\Users\\asith\\AppData\\Local\\Programs\\Python\\Python312\\Lib\\site-packages\\_pytest\\runner.py\", line 178, in pytest_runtest_call\n    item.runtest()\n  File \"C:\\Users\\asith\\AppData\\Local\\Programs\\Python\\Python312\\Lib\\site-packages\\_pytest\\python.py\", line 1671, in runtest\n    self.ihook.pytest_pyfunc_call(pyfuncitem=self)\n  File \"C:\\Users\\asith\\AppData\\Local\\Programs\\Python\\Python312\\Lib\\site-packages\\pluggy\\_hooks.py\", line 512, in __call__\n    return self._hookexec(self.name, self._hookimpls.copy(), kwargs, firstresult)\n  File \"C:\\Users\\asith\\AppData\\Local\\Programs\\Python\\Python312\\Lib\\site-packages\\pluggy\\_manager.py\", line 120, in _hookexec\n    return self._inner_hookexec(hook_name, methods, kwargs, firstresult)\n  File \"C:\\Users\\asith\\AppData\\Local\\Programs\\Python\\Python312\\Lib\\site-packages\\pluggy\\_callers.py\", line 121, in _multicall\n    res = hook_impl.function(*args)\n  File \"C:\\Users\\asith\\AppData\\Local\\Programs\\Python\\Python312\\Lib\\site-packages\\_pytest\\python.py\", line 157, in pytest_pyfunc_call\n    result = testfunction(**testargs)\n  File \"C:\\Users\\asith\\Documents\\upload_bridge\\tests\\l3_workflow\\test_workflow_automation.py\", line 47, in test_automation_workflow\n    design_tab.load_pattern(sample_pattern)\n  File \"C:\\Users\\asith\\Documents\\upload_bridge\\ui\\tabs\\design_tools_tab.py\", line 5428, in load_pattern\n    self.frame_manager.set_pattern(pattern_copy)\n  File \"C:\\Users\\asith\\Documents\\upload_bridge\\domain\\frames.py\", line 32, in set_pattern\n    self.frame_index_changed.emit(self._current_index)\n  File \"C:\\Users\\asith\\Documents\\upload_bridge\\ui\\tabs\\design_tools_tab.py\", line 7057, in _on_manager_frame_selected\n    self._load_current_frame_into_canvas()\n  File \"C:\\Users\\asith\\Documents\\upload_bridge\\ui\\tabs\\design_tools_tab.py\", line 6903, in _load_current_frame_into_canvas\n    self._update_status_labels()\n  File \"C:\\Users\\asith\\Documents\\upload_bridge\\ui\\tabs\\design_tools_tab.py\", line 4115, in _update_status_labels\n    QMessageBox.warning(\n+++++++++++++++++++++++++++++++++++ Timeout +++++++++++++++++++++++++++++++++++\n",
      "stderr": ""
    },
    {
      "suite": "L3: Workflow - Export",
      "path": "tests/l3_workflow/test_workflow_export.py",
      "returncode": 1,
      "summary": "No summary",
      "stdout": "+++++++++++++++++++++++++++++++++++ Timeout +++++++++++++++++++++++++++++++++++\n~~~~~~~~~~~~~~~~~~~~~~~~~ Stack of MainThread (5156) ~~~~~~~~~~~~~~~~~~~~~~~~~~\n  File \"<frozen runpy>\", line 198, in _run_module_as_main\n  File \"<frozen runpy>\", line 88, in _run_code\n  File \"C:\\Users\\asith\\AppData\\Local\\Programs\\Python\\Python312\\Lib\\site-packages\\pytest\\__main__.py\", line 9, in <module>\n    raise SystemExit(pytest.console_main())\n  File \"C:\\Users\\asith\\AppData\\Local\\Programs\\Python\\Python312\\Lib\\site-packages\\_pytest\\config\\__init__.py\", line 201, in console_main\n    code = main()\n  File \"C:\\Users\\asith\\AppData\\Local\\Programs\\Python\\Python312\\Lib\\site-packages\\_pytest\\config\\__init__.py\", line 175, in main\n    ret: ExitCode | int = config.hook.pytest_cmdline_main(config=config)\n  File \"C:\\Users\\asith\\AppData\\Local\\Programs\\Python\\Python312\\Lib\\site-packages\\pluggy\\_hooks.py\", line 512, in __call__\n    return self._hookexec(self.name, self._hookimpls.copy(), kwargs, firstresult)\n  File \"C:\\Users\\asith\\AppData\\Local\\Programs\\Python\\Python312\\Lib\\site-packages\\pluggy\\_manager.py\", line 120, in _hookexec\n    return self._inner_hookexec(hook_name, methods, kwargs, firstresult)\n  File \"C:\\Users\\asith\\AppData\\Local\\Programs\\Python\\Python312\\Lib\\site-packages\\pluggy\\_callers.py\", line 121, in _multicall\n    res = hook_impl.function(*args)\n  File \"C:\\Users\\asith\\AppData\\Local\\Programs\\Python\\Python312\\Lib\\site-packages\\_pytest\\main.py\", line 336, in pytest_cmdline_main\n    return wrap_session(config, _main)\n  File \"C:\\Users\\asith\\AppData\\Local\\Programs\\Python\\Python312\\Lib\\site-packages\\_pytest\\main.py\", line 289, in wrap_session\n    session.exitstatus = doit(config, session) or 0\n  File \"C:\\Users\\asith\\AppData\\Local\\Programs\\Python\\Python312\\Lib\\site-packages\\_pytest\\main.py\", line 343, in _main\n    config.hook.pytest_runtestloop(session=session)\n  File \"C:\\Users\\asith\\AppData\\Local\\Programs\\Python\\Python312\\Lib\\site-packages\\pluggy\\_hooks.py\", line 512, in __call__\n    return self._hookexec(self.name, self._hookimpls.copy(), kwargs, firstresult)\n  File \"C:\\Users\\asith\\AppData\\Local\\Programs\\Python\\Python312\\Lib\\site-packages\\pluggy\\_manager.py\", line 120, in _hookexec\n    return self._inner_hookexec(hook_name, methods, kwargs, firstresult)\n  File \"C:\\Users\\asith\\AppData\\Local\\Programs\\Python\\Python312\\Lib\\site-packages\\pluggy\\_callers.py\", line 121, in _multicall\n    res = hook_impl.function(*args)\n  File \"C:\\Users\\asith\\AppData\\Local\\Programs\\Python\\Python312\\Lib\\site-packages\\_pytest\\main.py\", line 367, in pytest_runtestloop\n    item.config.hook.pytest_runtest_protocol(item=item, nextitem=nextitem)\n  File \"C:\\Users\\asith\\AppData\\Local\\Programs\\Python\\Python312\\Lib\\site-packages\\pluggy\\_hooks.py\", line 512, in __call__\n    return self._hookexec(self.name, self._hookimpls.copy(), kwargs, firstresult)\n  File \"C:\\Users\\asith\\AppData\\Local\\Programs\\Python\\Python312\\Lib\\site-packages\\pluggy\\_manager.py\", line 120, in _hookexec\n    return self._inner_hookexec(hook_name, methods, kwargs, firstresult)\n  File \"C:\\Users\\asith\\AppData\\Local\\Programs\\Python\\Python312\\Lib\\site-packages\\pluggy\\_callers.py\", line 121, in _multicall\n    res = hook_impl.function(*args)\n  File \"C:\\Users\\asith\\AppData\\Local\\Programs\\Python\\Python312\\Lib\\site-packages\\_pytest\\runner.py\", line 117, in pytest_runtest_protocol\n    runtestprotocol(item, nextitem=nextitem)\n  File \"C:\\Users\\asith\\AppData\\Local\\Programs\\Python\\Python312\\Lib\\site-packages\\_pytest\\runner.py\", line 136, in runtestprotocol\n    reports.append(call_and_report(item, \"call\", log))\n  File \"C:\\Users\\asith\\AppData\\Local\\Programs\\Python\\Python312\\Lib\\site-packages\\_pytest\\runner.py\", line 245, in call_and_report\n    call = CallInfo.from_call(\n  File \"C:\\Users\\asith\\AppData\\Local\\Programs\\Python\\Python312\\Lib\\site-packages\\_pytest\\runner.py\", line 344, in from_call\n    result: TResult | None = func()\n  File \"C:\\Users\\asith\\AppData\\Local\\Programs\\Python\\Python312\\Lib\\site-packages\\_pytest\\runner.py\", line 246, in <lambda>\n    lambda: runtest_hook(item=item, **kwds), when=when, reraise=reraise\n  File \"C:\\Users\\asith\\AppData\\Local\\Programs\\Python\\Python312\\Lib\\site-packages\\pluggy\\_hooks.py\", line 512, in __call__\n    return self._hookexec(self.name, self._hookimpls.copy(), kwargs, firstresult)\n  File \"C:\\Users\\asith\\AppData\\Local\\Programs\\Python\\Python312\\Lib\\site-packages\\pluggy\\_manager.py\", line 120, in _hookexec\n    return self._inner_hookexec(hook_name, methods, kwargs, firstresult)\n  File \"C:\\Users\\asith\\AppData\\Local\\Programs\\Python\\Python312\\Lib\\site-packages\\pluggy\\_callers.py\", line 121, in _multicall\n    res = hook_impl.function(*args)\n  File \"C:\\Users\\asith\\AppData\\Local\\Programs\\Python\\Python312\\Lib\\site-packages\\_pytest\\runner.py\", line 178, in pytest_runtest_call\n    item.runtest()\n  File \"C:\\Users\\asith\\AppData\\Local\\Programs\\Python\\Python312\\Lib\\site-packages\\_pytest\\python.py\", line 1671, in runtest\n    self.ihook.pytest_pyfunc_call(pyfuncitem=self)\n  File \"C:\\Users\\asith\\AppData\\Local\\Programs\\Python\\Python312\\Lib\\site-packages\\pluggy\\_hooks.py\", line 512, in __call__\n    return self._hookexec(self.name, self._hookimpls.copy(), kwargs, firstresult)\n  File \"C:\\Users\\asith\\AppData\\Local\\Programs\\Python\\Python312\\Lib\\site-packages\\pluggy\\_manager.py\", line 120, in _hookexec\n    return self._inner_hookexec(hook_name, methods, kwargs, firstresult)\n  File \"C:\\Users\\asith\\AppData\\Local\\Programs\\Python\\Python312\\Lib\\site-packages\\pluggy\\_callers.py\", line 121, in _multicall\n    res = hook_impl.function(*args)\n  File \"C:\\Users\\asith\\AppData\\Local\\Programs\\Python\\Python312\\Lib\\site-packages\\_pytest\\python.py\", line 157, in pytest_pyfunc_call\n    result = testfunction(**testargs)\n  File \"C:\\Users\\asith\\Documents\\upload_bridge\\tests\\l3_workflow\\test_workflow_export.py\", line 47, in test_export_dat_workflow\n    design_tab.load_pattern(sample_pattern)\n  File \"C:\\Users\\asith\\Documents\\upload_bridge\\ui\\tabs\\design_tools_tab.py\", line 5428, in load_pattern\n    self.frame_manager.set_pattern(pattern_copy)\n  File \"C:\\Users\\asith\\Documents\\upload_bridge\\domain\\frames.py\", line 32, in set_pattern\n    self.frame_index_changed.emit(self._current_index)\n  File \"C:\\Users\\asith\\Documents\\upload_bridge\\ui\\tabs\\design_tools_tab.py\", line 7057, in _on_manager_frame_selected\n    self._load_current_frame_into_canvas()\n  File \"C:\\Users\\asith\\Documents\\upload_bridge\\ui\\tabs\\design_tools_tab.py\", line 6903, in _load_current_frame_into_canvas\n    self._update_status_labels()\n  File \"C:\\Users\\asith\\Documents\\upload_bridge\\ui\\tabs\\design_tools_tab.py\", line 4115, in _update_status_labels\n    QMessageBox.warning(\n+++++++++++++++++++++++++++++++++++ Timeout +++++++++++++++++++++++++++++++++++\n",
      "stderr": ""
    },
    {
      "suite": "L4: Performance",
      "path": "tests/l4_nonfunctional/test_performance.py",
      "returncode": 1,
      "summary": "No summary",
      "stdout": "..+++++++++++++++++++++++++++++++++++ Timeout +++++++++++++++++++++++++++++++++++\n~~~~~~~~~~~~~~~~~~~~~~~~~ Stack of MainThread (14092) ~~~~~~~~~~~~~~~~~~~~~~~~~\n  File \"<frozen runpy>\", line 198, in _run_module_as_main\n  File \"<frozen runpy>\", line 88, in _run_code\n  File \"C:\\Users\\asith\\AppData\\Local\\Programs\\Python\\Python312\\Lib\\site-packages\\pytest\\__main__.py\", line 9, in <module>\n    raise SystemExit(pytest.console_main())\n  File \"C:\\Users\\asith\\AppData\\Local\\Programs\\Python\\Python312\\Lib\\site-packages\\_pytest\\config\\__init__.py\", line 201, in console_main\n    code = main()\n  File \"C:\\Users\\asith\\AppData\\Local\\Programs\\Python\\Python312\\Lib\\site-packages\\_pytest\\config\\__init__.py\", line 175, in main\n    ret: ExitCode | int = config.hook.pytest_cmdline_main(config=config)\n  File \"C:\\Users\\asith\\AppData\\Local\\Programs\\Python\\Python312\\Lib\\site-packages\\pluggy\\_hooks.py\", line 512, in __call__\n    return self._hookexec(self.name, self._hookimpls.copy(), kwargs, firstresult)\n  File \"C:\\Users\\asith\\AppData\\Local\\Programs\\Python\\Python312\\Lib\\site-packages\\pluggy\\_manager.py\", line 120, in _hookexec\n    return self._inner_hookexec(hook_name, methods, kwargs, firstresult)\n  File \"C:\\Users\\asith\\AppData\\Local\\Programs\\Python\\Python312\\Lib\\site-packages\\pluggy\\_callers.py\", line 121, in _multicall\n    res = hook_impl.function(*args)\n  File \"C:\\Users\\asith\\AppData\\Local\\Programs\\Python\\Python312\\Lib\\site-packages\\_pytest\\main.py\", line 336, in pytest_cmdline_main\n    return wrap_session(config, _main)\n  File \"C:\\Users\\asith\\AppData\\Local\\Programs\\Python\\Python312\\Lib\\site-packages\\_pytest\\main.py\", line 289, in wrap_session\n    session.exitstatus = doit(config, session) or 0\n  File \"C:\\Users\\asith\\AppData\\Local\\Programs\\Python\\Python312\\Lib\\site-packages\\_pytest\\main.py\", line 343, in _main\n    config.hook.pytest_runtestloop(session=session)\n  File \"C:\\Users\\asith\\AppData\\Local\\Programs\\Python\\Python312\\Lib\\site-packages\\pluggy\\_hooks.py\", line 512, in __call__\n    return self._hookexec(self.name, self._hookimpls.copy(), kwargs, firstresult)\n  File \"C:\\Users\\asith\\AppData\\Local\\Programs\\Python\\Python312\\Lib\\site-packages\\pluggy\\_manager.py\", line 120, in _hookexec\n    return self._inner_hookexec(hook_name, methods, kwargs, firstresult)\n  File \"C:\\Users\\asith\\AppData\\Local\\Programs\\Python\\Python312\\Lib\\site-packages\\pluggy\\_callers.py\", line 121, in _multicall\n    res = hook_impl.function(*args)\n  File \"C:\\Users\\asith\\AppData\\Local\\Programs\\Python\\Python312\\Lib\\site-packages\\_pytest\\main.py\", line 367, in pytest_runtestloop\n    item.config.hook.pytest_runtest_protocol(item=item, nextitem=nextitem)\n  File \"C:\\Users\\asith\\AppData\\Local\\Programs\\Python\\Python312\\Lib\\site-packages\\pluggy\\_hooks.py\", line 512, in __call__\n    return self._hookexec(self.name, self._hookimpls.copy(), kwargs, firstresult)\n  File \"C:\\Users\\asith\\AppData\\Local\\Programs\\Python\\Python312\\Lib\\site-packages\\pluggy\\_manager.py\", line 120, in _hookexec\n    return self._inner_hookexec(hook_name, methods, kwargs, firstresult)\n  File \"C:\\Users\\asith\\AppData\\Local\\Programs\\Python\\Python312\\Lib\\site-packages\\pluggy\\_callers.py\", line 121, in _multicall\n    res = hook_impl.function(*args)\n  File \"C:\\Users\\asith\\AppData\\Local\\Programs\\Python\\Python312\\Lib\\site-packages\\_pytest\\runner.py\", line 117, in pytest_runtest_protocol\n    runtestprotocol(item, nextitem=nextitem)\n  File \"C:\\Users\\asith\\AppData\\Local\\Programs\\Python\\Python312\\Lib\\site-packages\\_pytest\\runner.py\", line 136, in runtestprotocol\n    reports.append(call_and_report(item, \"call\", log))\n  File \"C:\\Users\\asith\\AppData\\Local\\Programs\\Python\\Python312\\Lib\\site-packages\\_pytest\\runner.py\", line 245, in call_and_report\n    call = CallInfo.from_call(\n  File \"C:\\Users\\asith\\AppData\\Local\\Programs\\Python\\Python312\\Lib\\site-packages\\_pytest\\runner.py\", line 344, in from_call\n    result: TResult | None = func()\n  File \"C:\\Users\\asith\\AppData\\Local\\Programs\\Python\\Python312\\Lib\\site-packages\\_pytest\\runner.py\", line 246, in <lambda>\n    lambda: runtest_hook(item=item, **kwds), when=when, reraise=reraise\n  File \"C:\\Users\\asith\\AppData\\Local\\Programs\\Python\\Python312\\Lib\\site-packages\\pluggy\\_hooks.py\", line 512, in __call__\n    return self._hookexec(self.name, self._hookimpls.copy(), kwargs, firstresult)\n  File \"C:\\Users\\asith\\AppData\\Local\\Programs\\Python\\Python312\\Lib\\site-packages\\pluggy\\_manager.py\", line 120, in _hookexec\n    return self._inner_hookexec(hook_name, methods, kwargs, firstresult)\n  File \"C:\\Users\\asith\\AppData\\Local\\Programs\\Python\\Python312\\Lib\\site-packages\\pluggy\\_callers.py\", line 121, in _multicall\n    res = hook_impl.function(*args)\n  File \"C:\\Users\\asith\\AppData\\Local\\Programs\\Python\\Python312\\Lib\\site-packages\\_pytest\\runner.py\", line 178, in pytest_runtest_call\n    item.runtest()\n  File \"C:\\Users\\asith\\AppData\\Local\\Programs\\Python\\Python312\\Lib\\site-packages\\_pytest\\python.py\", line 1671, in runtest\n    self.ihook.pytest_pyfunc_call(pyfuncitem=self)\n  File \"C:\\Users\\asith\\AppData\\Local\\Programs\\Python\\Python312\\Lib\\site-packages\\pluggy\\_hooks.py\", line 512, in __call__\n    return self._hookexec(self.name, self._hookimpls.copy(), kwargs, firstresult)\n  File \"C:\\Users\\asith\\AppData\\Local\\Programs\\Python\\Python312\\Lib\\site-packages\\pluggy\\_manager.py\", line 120, in _hookexec\n    return self._inner_hookexec(hook_name, methods, kwargs, firstresult)\n  File \"C:\\Users\\asith\\AppData\\Local\\Programs\\Python\\Python312\\Lib\\site-packages\\pluggy\\_callers.py\", line 121, in _multicall\n    res = hook_impl.function(*args)\n  File \"C:\\Users\\asith\\AppData\\Local\\Programs\\Python\\Python312\\Lib\\site-packages\\_pytest\\python.py\", line 157, in pytest_pyfunc_call\n    result = testfunction(**testargs)\n  File \"C:\\Users\\asith\\Documents\\upload_bridge\\tests\\l4_nonfunctional\\test_performance.py\", line 72, in test_small_pattern_loads_under_threshold\n    design_tab.load_pattern(pattern)\n  File \"C:\\Users\\asith\\Documents\\upload_bridge\\ui\\tabs\\design_tools_tab.py\", line 5428, in load_pattern\n    self.frame_manager.set_pattern(pattern_copy)\n  File \"C:\\Users\\asith\\Documents\\upload_bridge\\domain\\frames.py\", line 32, in set_pattern\n    self.frame_index_changed.emit(self._current_index)\n  File \"C:\\Users\\asith\\Documents\\upload_bridge\\ui\\tabs\\design_tools_tab.py\", line 7057, in _on_manager_frame_selected\n    self._load_current_frame_into_canvas()\n  File \"C:\\Users\\asith\\Documents\\upload_bridge\\ui\\tabs\\design_tools_tab.py\", line 6903, in _load_current_frame_into_canvas\n    self._update_status_labels()\n  File \"C:\\Users\\asith\\Documents\\upload_bridge\\ui\\tabs\\design_tools_tab.py\", line 4115, in _update_status_labels\n    QMessageBox.warning(\n+++++++++++++++++++++++++++++++++++ Timeout +++++++++++++++++++++++++++++++++++\n",
      "stderr": ""
    },
    {
      "suite": "L4: Stress",
      "path": "tests/l4_nonfunctional/test_stress.py",
      "returncode": 1,
      "summary": "No summary",
      "stdout": "+++++++++++++++++++++++++++++++++++ Timeout +++++++++++++++++++++++++++++++++++\n~~~~~~~~~~~~~~~~~~~~~~~~~ Stack of MainThread (10832) ~~~~~~~~~~~~~~~~~~~~~~~~~\n  File \"<frozen runpy>\", line 198, in _run_module_as_main\n  File \"<frozen runpy>\", line 88, in _run_code\n  File \"C:\\Users\\asith\\AppData\\Local\\Programs\\Python\\Python312\\Lib\\site-packages\\pytest\\__main__.py\", line 9, in <module>\n    raise SystemExit(pytest.console_main())\n  File \"C:\\Users\\asith\\AppData\\Local\\Programs\\Python\\Python312\\Lib\\site-packages\\_pytest\\config\\__init__.py\", line 201, in console_main\n    code = main()\n  File \"C:\\Users\\asith\\AppData\\Local\\Programs\\Python\\Python312\\Lib\\site-packages\\_pytest\\config\\__init__.py\", line 175, in main\n    ret: ExitCode | int = config.hook.pytest_cmdline_main(config=config)\n  File \"C:\\Users\\asith\\AppData\\Local\\Programs\\Python\\Python312\\Lib\\site-packages\\pluggy\\_hooks.py\", line 512, in __call__\n    return self._hookexec(self.name, self._hookimpls.copy(), kwargs, firstresult)\n  File \"C:\\Users\\asith\\AppData\\Local\\Programs\\Python\\Python312\\Lib\\site-packages\\pluggy\\_manager.py\", line 120, in _hookexec\n    return self._inner_hookexec(hook_name, methods, kwargs, firstresult)\n  File \"C:\\Users\\asith\\AppData\\Local\\Programs\\Python\\Python312\\Lib\\site-packages\\pluggy\\_callers.py\", line 121, in _multicall\n    res = hook_impl.function(*args)\n  File \"C:\\Users\\asith\\AppData\\Local\\Programs\\Python\\Python312\\Lib\\site-packages\\_pytest\\main.py\", line 336, in pytest_cmdline_main\n    return wrap_session(config, _main)\n  File \"C:\\Users\\asith\\AppData\\Local\\Programs\\Python\\Python312\\Lib\\site-packages\\_pytest\\main.py\", line 289, in wrap_session\n    session.exitstatus = doit(config, session) or 0\n  File \"C:\\Users\\asith\\AppData\\Local\\Programs\\Python\\Python312\\Lib\\site-packages\\_pytest\\main.py\", line 343, in _main\n    config.hook.pytest_runtestloop(session=session)\n  File \"C:\\Users\\asith\\AppData\\Local\\Programs\\Python\\Python312\\Lib\\site-packages\\pluggy\\_hooks.py\", line 512, in __call__\n    return self._hookexec(self.name, self._hookimpls.copy(), kwargs, firstresult)\n  File \"C:\\Users\\asith\\AppData\\Local\\Programs\\Python\\Python312\\Lib\\site-packages\\pluggy\\_manager.py\", line 120, in _hookexec\n    return self._inner_hookexec(hook_name, methods, kwargs, firstresult)\n  File \"C:\\Users\\asith\\AppData\\Local\\Programs\\Python\\Python312\\Lib\\site-packages\\pluggy\\_callers.py\", line 121, in _multicall\n    res = hook_impl.function(*args)\n  File \"C:\\Users\\asith\\AppData\\Local\\Programs\\Python\\Python312\\Lib\\site-packages\\_pytest\\main.py\", line 367, in pytest_runtestloop\n    item.config.hook.pytest_runtest_protocol(item=item, nextitem=nextitem)\n  File \"C:\\Users\\asith\\AppData\\Local\\Programs\\Python\\Python312\\Lib\\site-packages\\pluggy\\_hooks.py\", line 512, in __call__\n    return self._hookexec(self.name, self._hookimpls.copy(), kwargs, firstresult)\n  File \"C:\\Users\\asith\\AppData\\Local\\Programs\\Python\\Python312\\Lib\\site-packages\\pluggy\\_manager.py\", line 120, in _hookexec\n    return self._inner_hookexec(hook_name, methods, kwargs, firstresult)\n  File \"C:\\Users\\asith\\AppData\\Local\\Programs\\Python\\Python312\\Lib\\site-packages\\pluggy\\_callers.py\", line 121, in _multicall\n    res = hook_impl.function(*args)\n  File \"C:\\Users\\asith\\AppData\\Local\\Programs\\Python\\Python312\\Lib\\site-packages\\_pytest\\runner.py\", line 117, in pytest_runtest_protocol\n    runtestprotocol(item, nextitem=nextitem)\n  File \"C:\\Users\\asith\\AppData\\Local\\Programs\\Python\\Python312\\Lib\\site-packages\\_pytest\\runner.py\", line 136, in runtestprotocol\n    reports.append(call_and_report(item, \"call\", log))\n  File \"C:\\Users\\asith\\AppData\\Local\\Programs\\Python\\Python312\\Lib\\site-packages\\_pytest\\runner.py\", line 245, in call_and_report\n    call = CallInfo.from_call(\n  File \"C:\\Users\\asith\\AppData\\Local\\Programs\\Python\\Python312\\Lib\\site-packages\\_pytest\\runner.py\", line 344, in from_call\n    result: TResult | None = func()\n  File \"C:\\Users\\asith\\AppData\\Local\\Programs\\Python\\Python312\\Lib\\site-packages\\_pytest\\runner.py\", line 246, in <lambda>\n    lambda: runtest_hook(item=item, **kwds), when=when, reraise=reraise\n  File \"C:\\Users\\asith\\AppData\\Local\\Programs\\Python\\Python312\\Lib\\site-packages\\pluggy\\_hooks.py\", line 512, in __call__\n    return self._hookexec(self.name, self._hookimpls.copy(), kwargs, firstresult)\n  File \"C:\\Users\\asith\\AppData\\Local\\Programs\\Python\\Python312\\Lib\\site-packages\\pluggy\\_manager.py\", line 120, in _hookexec\n    return self._inner_hookexec(hook_name, methods, kwargs, firstresult)\n  File \"C:\\Users\\asith\\AppData\\Local\\Programs\\Python\\Python312\\Lib\\site-packages\\pluggy\\_callers.py\", line 121, in _multicall\n    res = hook_impl.function(*args)\n  File \"C:\\Users\\asith\\AppData\\Local\\Programs\\Python\\Python312\\Lib\\site-packages\\_pytest\\runner.py\", line 178, in pytest_runtest_call\n    item.runtest()\n  File \"C:\\Users\\asith\\AppData\\Local\\Programs\\Python\\Python312\\Lib\\site-packages\\_pytest\\python.py\", line 1671, in runtest\n    self.ihook.pytest_pyfunc_call(pyfuncitem=self)\n  File \"C:\\Users\\asith\\AppData\\Local\\Programs\\Python\\Python312\\Lib\\site-packages\\pluggy\\_hooks.py\", line 512, in __call__\n    return self._hookexec(self.name, self._hookimpls.copy(), kwargs, firstresult)\n  File \"C:\\Users\\asith\\AppData\\Local\\Programs\\Python\\Python312\\Lib\\site-packages\\pluggy\\_manager.py\", line 120, in _hookexec\n    return self._inner_hookexec(hook_name, methods, kwargs, firstresult)\n  File \"C:\\Users\\asith\\AppData\\Local\\Programs\\Python\\Python312\\Lib\\site-packages\\pluggy\\_callers.py\", line 121, in _multicall\n    res = hook_impl.function(*args)\n  File \"C:\\Users\\asith\\AppData\\Local\\Programs\\Python\\Python312\\Lib\\site-packages\\_pytest\\python.py\", line 157, in pytest_pyfunc_call\n    result = testfunction(**testargs)\n  File \"C:\\Users\\asith\\Documents\\upload_bridge\\tests\\l4_nonfunctional\\test_stress.py\", line 44, in test_300_frames_stress\n    design_tab.load_pattern(pattern)\n  File \"C:\\Users\\asith\\Documents\\upload_bridge\\ui\\tabs\\design_tools_tab.py\", line 5428, in load_pattern\n    self.frame_manager.set_pattern(pattern_copy)\n  File \"C:\\Users\\asith\\Documents\\upload_bridge\\domain\\frames.py\", line 32, in set_pattern\n    self.frame_index_changed.emit(self._current_index)\n  File \"C:\\Users\\asith\\Documents\\upload_bridge\\ui\\tabs\\design_tools_tab.py\", line 7057, in _on_manager_frame_selected\n    self._load_current_frame_into_canvas()\n  File \"C:\\Users\\asith\\Documents\\upload_bridge\\ui\\tabs\\design_tools_tab.py\", line 6903, in _load_current_frame_into_canvas\n    self._update_status_labels()\n  File \"C:\\Users\\asith\\Documents\\upload_bridge\\ui\\tabs\\design_tools_tab.py\", line 4115, in _update_status_labels\n    QMessageBox.warning(\n+++++++++++++++++++++++++++++++++++ Timeout +++++++++++++++++++++++++++++++++++\n",
      "stderr": ""
    },
    {
      "suite": "Meta: Coverage Enforcer",
      "path": "tests/meta/test_coverage_enforcer.py",
      "returncode": 1,
      "summary": "1 failed, 1 skipped in 12.79s",
      "stdout": "Fs                                                                       [100%]\n================================== FAILURES ===================================\nC:\\Users\\asith\\Documents\\upload_bridge\\tests\\meta\\test_coverage_enforcer.py:41: AssertionError: assert (3221225725 == 0 or 3221225725 == 5)\n=========================== short test summary info ===========================\nFAILED tests/meta/test_coverage_enforcer.py::TestCoverageThreshold::test_coverage_above_85_percent\n1 failed, 1 skipped in 12.79s\n",
      "stderr": ""
    },
    {
      "suite": "Meta: Documented Features",
      "path": "tests/meta/test_documented_features_exist.py",
      "returncode": 1,
      "summary": "2 failed, 14 passed in 1.00s",
      "stdout": ".......F..F.....                                                         [100%]\n================================== FAILURES ===================================\nC:\\Users\\asith\\Documents\\upload_bridge\\tests\\meta\\test_documented_features_exist.py:67: AssertionError: assert False\nC:\\Users\\asith\\Documents\\upload_bridge\\tests\\meta\\test_documented_features_exist.py:95: AssertionError: assert False\n=========================== short test summary info ===========================\nFAILED tests/meta/test_documented_features_exist.py::TestDesignToolsFeaturesExist::test_dt13_automation_queue_exists\nFAILED tests/meta/test_documented_features_exist.py::TestFeatureOverviewFeaturesExist::test_canvas_authoring_toolbox_exists\n2 failed, 14 passed in 1.00s\n",
      "stderr": ""
    },
    {
      "suite": "Meta: Suite Completeness",
      "path": "tests/meta/test_suite_completeness.py",
      "returncode": 0,
      "summary": "3 passed, 3 skipped in 0.16s",
      "stdout": "...sss                                                                   [100%]\n3 passed, 3 skipped in 0.16s\n",
      "stderr": ""
    }
  ]
}